This is pdfTeX, Version 3.1415926-2.4-1.40.13 (TeX Live 2012) (format=latex 2012.6.30)  23 OCT 2012 12:35
entering extended mode
 restricted \write18 enabled.
 %&-line parsing enabled.
**thesis
(./thesis.tex
LaTeX2e <2011/06/27>
Babel <v3.8m> and hyphenation patterns for english, dumylang, nohyphenation, ge
rman-x-2012-05-30, ngerman-x-2012-05-30, afrikaans, ancientgreek, ibycus, arabi
c, armenian, basque, bulgarian, catalan, pinyin, coptic, croatian, czech, danis
h, dutch, ukenglish, usenglishmax, esperanto, estonian, ethiopic, farsi, finnis
h, french, friulan, galician, german, ngerman, swissgerman, monogreek, greek, h
ungarian, icelandic, assamese, bengali, gujarati, hindi, kannada, malayalam, ma
rathi, oriya, panjabi, tamil, telugu, indonesian, interlingua, irish, italian, 
kurmanji, latin, latvian, lithuanian, mongolian, mongolianlmc, bokmal, nynorsk,
 polish, portuguese, romanian, romansh, russian, sanskrit, serbian, serbianc, s
lovak, slovenian, spanish, swedish, turkish, turkmen, ukrainian, uppersorbian, 
welsh, loaded.
(./ucbthesis.cls
Document Class: ucbthesis 2012/08/06 v3.391 University of California, Berkeley 
Thesis Class
(/usr/local/texlive/2012/texmf-dist/tex/latex/memoir/memoir.cls
Document Class: memoir 2011/03/06 v3.6j configurable book, report, article docu
ment class
\onelineskip=\skip41
\lxvchars=\skip42
\xlvchars=\skip43
\@memcnta=\count79
\c@@memmarkcntra=\count80
(/usr/local/texlive/2012/texmf-dist/tex/generic/oberdiek/ifpdf.sty
Package: ifpdf 2011/01/30 v2.3 Provides the ifpdf switch (HO)
Package ifpdf Info: pdfTeX in PDF mode is not detected.
)
(/usr/local/texlive/2012/texmf-dist/tex/latex/ifetex/ifetex.sty
Package: ifetex 2011/12/15 v1.2 ifetex

(/usr/local/texlive/2012/texmf-dist/tex/plain/ifetex/ifetex.tex))
(/usr/local/texlive/2012/texmf-dist/tex/generic/ifxetex/ifxetex.sty
Package: ifxetex 2010/09/12 v0.6 Provides ifxetex conditional
)
(/usr/local/texlive/2012/texmf-dist/tex/generic/oberdiek/ifluatex.sty
Package: ifluatex 2010/03/01 v1.3 Provides the ifluatex switch (HO)
Package ifluatex Info: LuaTeX not detected.
)
\stockheight=\skip44
\stockwidth=\skip45
\trimtop=\skip46
\trimedge=\skip47

(/usr/local/texlive/2012/texmf-dist/tex/latex/etex-pkg/etex.sty
Package: etex 1998/03/26 v2.0 eTeX basic definition package (PEB)
\et@xins=\count81
)
(/usr/local/texlive/2012/texmf-dist/tex/latex/memoir/mem12.clo
File: mem12.clo 2010/10/19 v0.4b memoir class 12pt size option
)
\binding=\skip48
\spinemargin=\skip49
\foremargin=\skip50
\uppermargin=\skip51
\lowermargin=\skip52
\headdrop=\skip53
\normalrulethickness=\skip54
\mem@maxheadheight=\skip55
\mem@maxfootheight=\skip56
\headwidth=\skip57
\c@storedpagenumber=\count82
\memPD=\dimen102
\m@mabparskip=\skip58
\thanksmarkwidth=\skip59
\thanksmarksep=\skip60
\droptitle=\skip61
\c@book=\count83
\c@part=\count84
\c@chapter=\count85
\c@section=\count86
\c@subsection=\count87
\c@subsubsection=\count88
\c@paragraph=\count89
\c@subparagraph=\count90
\beforechapskip=\skip62
\midchapskip=\skip63
\afterchapskip=\skip64
\chapindent=\skip65
\bottomsectionskip=\skip66
\secindent=\skip67
\beforesecskip=\skip68
\aftersecskip=\skip69
\subsecindent=\skip70
\beforesubsecskip=\skip71
\aftersubsecskip=\skip72
\subsubsecindent=\skip73
\beforesubsubsecskip=\skip74
\aftersubsubsecskip=\skip75
\paraindent=\skip76
\beforeparaskip=\skip77
\afterparaskip=\skip78
\subparaindent=\skip79
\beforesubparaskip=\skip80
\aftersubparaskip=\skip81
\pfbreakskip=\skip82
\c@@ppsavesec=\count91
\c@@ppsaveapp=\count92
\ragrparindent=\dimen103
\everylistparindent=\dimen104
\parsepi=\skip83
\topsepi=\skip84
\itemsepi=\skip85
\parsepii=\skip86
\topsepii=\skip87
\topsepiii=\skip88
\itemsepii=\skip89
\itemsepiii=\skip90
\partopsepii=\skip91
\partopsepiii=\skip92
\m@msavetopsep=\skip93
\m@msavepartopsep=\skip94
\@enLab=\toks14
\abstitleskip=\skip95
\absleftindent=\skip96
\abs@leftindent=\dimen105
\absrightindent=\skip97
\absparindent=\skip98
\absparsep=\skip99
\c@vslineno=\count93
\c@poemline=\count94
\c@modulo@vs=\count95
\c@memfvsline=\count96
\vleftskip=\skip100
\vrightskip=\skip101
\stanzaskip=\skip102
\versewidth=\skip103
\vgap=\skip104
\vindent=\skip105
\vleftmargin=\dimen106
\c@verse=\count97
\c@chrsinstr=\count98
\beforepoemtitleskip=\skip106
\afterpoemtitleskip=\skip107
\c@poem=\count99
\beforePoemTitleskip=\skip108
\midPoemTitleskip=\skip109
\afterPoemTitleskip=\skip110
\col@sep=\dimen107
\extrarowheight=\dimen108
\NC@list=\toks15
\extratabsurround=\skip111
\backup@length=\skip112
\TX@col@width=\dimen109
\TX@old@table=\dimen110
\TX@old@col=\dimen111
\TX@target=\dimen112
\TX@delta=\dimen113
\TX@cols=\count100
\TX@ftn=\toks16
\heavyrulewidth=\dimen114
\lightrulewidth=\dimen115
\cmidrulewidth=\dimen116
\belowrulesep=\dimen117
\belowbottomsep=\dimen118
\aboverulesep=\dimen119
\abovetopsep=\dimen120
\cmidrulesep=\dimen121
\cmidrulekern=\dimen122
\defaultaddspace=\dimen123
\@cmidla=\count101
\@cmidlb=\count102
\@aboverulesep=\dimen124
\@belowrulesep=\dimen125
\@thisruleclass=\count103
\@lastruleclass=\count104
\@thisrulewidth=\dimen126
\ctableftskip=\skip113
\ctabrightskip=\skip114
\abovecolumnspenalty=\count105
\@linestogo=\count106
\@cellstogo=\count107
\@cellsincolumn=\count108
\crtok=\toks17
\@mincolumnwidth=\dimen127
\c@newflo@tctr=\count109
\mem@margin@floatbox=\box26
\@contcwidth=\skip115
\@contindw=\skip116
\abovecaptionskip=\skip117
\belowcaptionskip=\skip118
\subfloattopskip=\skip119
\subfloatcapskip=\skip120
\subfloatcaptopadj=\skip121
\subfloatbottomskip=\skip122
\subfloatlabelskip=\skip123
\subfloatcapmargin=\dimen128
\c@@contsubnum=\count110
\m@mscap@capbox=\box27
\m@mscap@fbox=\box28
\sidecapsep=\dimen129
\sidecapwidth=\dimen130
\m@m@tempdima=\dimen131
\m@mscapraise=\dimen132
\sidecapraise=\dimen133
\m@mscapmainwidth=\dimen134
\m@mscaplkern=\dimen135
\beforeepigraphskip=\skip124
\afterepigraphskip=\skip125
\epigraphwidth=\skip126
\epigraphrule=\skip127
LaTeX Info: Redefining \em on input line 7377.
LaTeX Info: Redefining \emph on input line 7385.
\tocentryskip=\skip128
\tocbaseline=\skip129
\cftparskip=\skip130
\cftbeforebookskip=\skip131
\cftbookindent=\dimen136
\cftbooknumwidth=\dimen137
\cftbeforepartskip=\skip132
\cftpartindent=\skip133
\cftpartnumwidth=\skip134
\cftbeforechapterskip=\skip135
\cftchapterindent=\skip136
\cftchapternumwidth=\skip137
\cftbeforesectionskip=\skip138
\cftsectionindent=\skip139
\cftsectionnumwidth=\skip140
\cftbeforesubsectionskip=\skip141
\cftsubsectionindent=\skip142
\cftsubsectionnumwidth=\skip143
\cftbeforesubsubsectionskip=\skip144
\cftsubsubsectionindent=\skip145
\cftsubsubsectionnumwidth=\skip146
\cftbeforeparagraphskip=\skip147
\cftparagraphindent=\skip148
\cftparagraphnumwidth=\skip149
\cftbeforesubparagraphskip=\skip150
\cftsubparagraphindent=\skip151
\cftsubparagraphnumwidth=\skip152
\prechapterprecisshift=\dimen138
\c@maxsecnumdepth=\count111
\bibindent=\dimen139
\bibitemsep=\skip153
\indexcolsep=\skip154
\indexrule=\skip155
\indexmarkstyle=\toks18
\@indexbox=\insert233
\glossarycolsep=\dimen140
\glossaryrule=\dimen141
\sideparvshift=\skip156
\sideins=\insert232
\sidebartopsep=\skip157
\sidebarhsep=\skip158
\sidebarvsep=\skip159
\sidebarwidth=\skip160
\footmarkwidth=\skip161
\footmarksep=\skip162
\footparindent=\skip163
\footinsdim=\skip164
\footinsv@r=\insert231
\@mpfootinsv@r=\insert230
\m@m@k=\count112
\m@m@h=\dimen142
\m@mipn@skip=\skip165
\sidefootins=\insert229
\sidefootadjust=\skip166
\sidefootheight=\skip167
\sidefoothsep=\skip168
\sidefootvsep=\skip169
\sidefootwidth=\skip170
\m@mdownsf=\skip171
\c@sidefootnote=\count113
\sidefootmarkwidth=\skip172
\sidefootmarksep=\skip173
\sidefootparindent=\skip174
\c@pagenote=\count114
\c@pagenoteshadow=\count115
\mem@pn@lastkern=\skip175
\every@verbatim=\toks19
\afterevery@verbatim=\toks20
\verbatim@line=\toks21
\tab@position=\count116
\verbatim@in@stream=\read1
\verbatimindent=\skip176
\verbatim@out=\write3
\bvboxsep=\skip177
\c@memfbvline=\count117
\c@bvlinectr=\count118
\bvnumlength=\skip178
\fb@frw=\dimen143
\fb@frh=\dimen144
\FrameRule=\dimen145
\FrameSep=\dimen146
\c@cp@cntr=\count119
LaTeX Info: Redefining \: on input line 11807.
LaTeX Info: Redefining \! on input line 11809.
\c@ism@mctr=\count120
\c@xsm@mctr=\count121
\c@csm@mctr=\count122
\c@ksm@mctr=\count123
\c@xksm@mctr=\count124
\c@cksm@mctr=\count125
\c@msm@mctr=\count126
\c@xmsm@mctr=\count127
\c@cmsm@mctr=\count128
\c@bsm@mctr=\count129
\c@workm@mctr=\count130
\c@sheetsequence=\count131
\c@lastsheet=\count132
\c@lastpage=\count133
\c@figure=\count134
\c@lofdepth=\count135
\cftbeforefigureskip=\skip179
\cftfigureindent=\skip180
\cftfigurenumwidth=\skip181
\c@table=\count136
\c@lotdepth=\count137
\cftbeforetableskip=\skip182
\cfttableindent=\skip183
\cfttablenumwidth=\skip184
Package abstract [2008/07/23] emulated by memoir.
Package appendix [2008/07/23] emulated by memoir.
Package array [2008/07/23] emulated by memoir.
Package booktabs [2008/07/23] emulated by memoir.
Package ccaption [2008/07/23] emulated by memoir.
Package changepage [2008/07/23] emulated by memoir.
Package chngcntr [2008/07/23] emulated by memoir.
Package chngpage [2008/07/23] emulated by memoir.
Package crop emulated by memoir.
Package dcolumn [2008/07/23] emulated by memoir.
Package delarray [2008/07/23] emulated by memoir.
Package enumerate [2008/07/23] emulated by memoir.
Package epigraph [2008/07/23] emulated by memoir.
Package ifmtarg [2008/07/23] emulated by memoir.
Package index [2008/07/23] emulated by memoir.
Package makeidx [2008/07/23] emulated by memoir.
Package moreverb [2008/07/23] emulated by memoir.
Package mparhack [2008/07/23] emulated by memoir.
Package needspace [2008/07/23] emulated by memoir.
Package newfile [2008/07/23] emulated by memoir.
Package nextpage [2008/07/23] emulated by memoir.
Package pagenote [2008/07/23] emulated by memoir.
Package parskip [2008/07/23] emulated by memoir.
Package patchcmd [2008/07/23] emulated by memoir.
Package setspace [2008/07/23] emulated by memoir.
Package shortvrb [2008/07/23] emulated by memoir.
Package showidx [2008/07/23] emulated by memoir.
Package tabularx [2008/07/23] emulated by memoir.
Package titleref [2008/07/23] emulated by memoir.
Package titling [2008/07/23] emulated by memoir.
Package tocbibind [2008/07/23] emulated by memoir.
Package tocloft [2008/07/23] emulated by memoir.
Package tocvsec2 [2008/07/23] emulated by memoir.
Package verbatim [2008/07/23] emulated by memoir.
Package verse [2008/07/23] emulated by memoir.

(/usr/local/texlive/2012/texmf-dist/tex/latex/memoir/mempatch.sty
Package: mempatch 2009/07/24 v6.0f Patches for memoir class v1.6180339
)))
(/usr/local/texlive/2012/texmf-dist/tex/latex/biblatex/biblatex.sty
Package: biblatex 2011/11/13 v1.7 programmable bibliographies

(/usr/local/texlive/2012/texmf-dist/tex/latex/etoolbox/etoolbox.sty
Package: etoolbox 2011/01/03 v2.1 e-TeX tools for LaTeX
\etb@tempcnta=\count138
)
(/usr/local/texlive/2012/texmf-dist/tex/latex/graphics/keyval.sty
Package: keyval 1999/03/16 v1.13 key=value parser (DPC)
\KV@toks@=\toks22
)
(/usr/local/texlive/2012/texmf-dist/tex/latex/logreq/logreq.sty
Package: logreq 2010/08/04 v1.0 xml request logger
\lrq@indent=\count139

(/usr/local/texlive/2012/texmf-dist/tex/latex/logreq/logreq.def
File: logreq.def 2010/08/04 v1.0 logreq spec v1.0
))
(/usr/local/texlive/2012/texmf-dist/tex/latex/base/ifthen.sty
Package: ifthen 2001/05/26 v1.1c Standard LaTeX ifthen package (DPC)
)
(/usr/local/texlive/2012/texmf-dist/tex/latex/url/url.sty
\Urlmuskip=\muskip10
Package: url 2006/04/12  ver 3.3  Verb mode for urls, etc.
)
\c@listtotal=\count140
\c@listcount=\count141
\c@liststart=\count142
\c@liststop=\count143
\c@citecount=\count144
\c@citetotal=\count145
\c@multicitecount=\count146
\c@multicitetotal=\count147
\c@instcount=\count148
\c@maxnames=\count149
\c@minnames=\count150
\c@maxitems=\count151
\c@minitems=\count152
\c@citecounter=\count153
\c@savedcitecounter=\count154
\c@uniquelist=\count155
\c@uniquename=\count156
\c@refsection=\count157
\c@refsegment=\count158
\c@maxextrayear=\count159
\c@maxextraalpha=\count160
\c@abbrvpenalty=\count161
\c@highnamepenalty=\count162
\c@lownamepenalty=\count163
\c@maxparens=\count164
\c@parenlevel=\count165
\blx@tempcnta=\count166
\blx@tempcntb=\count167
\blx@tempcntc=\count168
\blx@maxsection=\count169
\blx@maxsegment=\count170
\blx@notetype=\count171
\blx@parenlevel@text=\count172
\blx@parenlevel@foot=\count173
\labelnumberwidth=\skip185
\labelalphawidth=\skip186
\shorthandwidth=\skip187
\biblabelsep=\skip188
\bibnamesep=\skip189
\bibinitsep=\skip190
\bibparsep=\skip191
\bibhang=\skip192
\blx@auxin=\read2
\blx@auxout=\write4
\c@mincomprange=\count174
\c@maxcomprange=\count175
\c@mincompwidth=\count176
\c@labelname=\count177
\c@savedlabelname=\count178
\c@author=\count179
\c@savedauthor=\count180
\c@shortauthor=\count181
\c@savedshortauthor=\count182
\c@editor=\count183
\c@savededitor=\count184
\c@editora=\count185
\c@savededitora=\count186
\c@editorb=\count187
\c@savededitorb=\count188
\c@editorc=\count189
\c@savededitorc=\count190
\c@shorteditor=\count191
\c@savedshorteditor=\count192
\c@bookauthor=\count193
\c@savedbookauthor=\count194
\c@translator=\count195
\c@savedtranslator=\count196
\c@annotator=\count197
\c@savedannotator=\count198
\c@commentator=\count199
\c@savedcommentator=\count200
\c@introduction=\count201
\c@savedintroduction=\count202
\c@foreword=\count203
\c@savedforeword=\count204
\c@afterword=\count205
\c@savedafterword=\count206
\c@holder=\count207
\c@savedholder=\count208
\c@namea=\count209
\c@savednamea=\count210
\c@nameb=\count211
\c@savednameb=\count212
\c@namec=\count213
\c@savednamec=\count214
\c@institution=\count215
\c@savedinstitution=\count216
\c@language=\count217
\c@savedlanguage=\count218
\c@location=\count219
\c@savedlocation=\count220
\c@organization=\count221
\c@savedorganization=\count222
\c@origlocation=\count223
\c@savedoriglocation=\count224
\c@origpublisher=\count225
\c@savedorigpublisher=\count226
\c@pageref=\count227
\c@savedpageref=\count228
Normal \count register pool exhausted, switching to extended pool.
\c@publisher=\count277
\c@savedpublisher=\count278
\c@lista=\count279
\c@savedlista=\count280
\c@listb=\count281
\c@savedlistb=\count282
\c@listc=\count283
\c@savedlistc=\count284
\c@listd=\count285
\c@savedlistd=\count286
\c@liste=\count287
\c@savedliste=\count288
\c@listf=\count289
\c@savedlistf=\count290
Package biblatex Info: Trying to load compatibility code...
Package biblatex Info: ... file 'blx-compat.def' found.

(/usr/local/texlive/2012/texmf-dist/tex/latex/biblatex/blx-compat.def
File: blx-compat.def 2011/11/13 v1.7 biblatex generic compatibility
)
Package biblatex Info: Trying to load generic definitions...
Package biblatex Info: ... file 'biblatex.def' found.

(/usr/local/texlive/2012/texmf-dist/tex/latex/biblatex/biblatex.def
File: biblatex.def 2011/11/13 v1.7 biblatex generic definitions
\c@biburlnumpenalty=\count291
\c@biburlucpenalty=\count292
\c@biburllcpenalty=\count293
\c@smartand=\count294
)
Package biblatex Info: Trying to load bibliography style 'numeric'...
Package biblatex Info: ... file 'numeric.bbx' found.

(/usr/local/texlive/2012/texmf-dist/tex/latex/biblatex/bbx/numeric.bbx
File: numeric.bbx 2011/11/13 v1.7 biblatex bibliography style
Package biblatex Info: Trying to load bibliography style 'standard'...
Package biblatex Info: ... file 'standard.bbx' found.

(/usr/local/texlive/2012/texmf-dist/tex/latex/biblatex/bbx/standard.bbx
File: standard.bbx 2011/11/13 v1.7 biblatex bibliography style
))
Package biblatex Info: Trying to load citation style 'numeric'...
Package biblatex Info: ... file 'numeric.cbx' found.

(/usr/local/texlive/2012/texmf-dist/tex/latex/biblatex/cbx/numeric.cbx
File: numeric.cbx 2011/11/13 v1.7 biblatex citation style
Package biblatex Info: Redefining '\cite'.
Package biblatex Info: Redefining '\parencite'.
Package biblatex Info: Redefining '\footcite'.
Package biblatex Info: Redefining '\footcitetext'.
Package biblatex Info: Redefining '\smartcite'.
Package biblatex Info: Redefining '\textcite'.
Package biblatex Info: Redefining '\supercite'.
Package biblatex Info: Redefining '\cites'.
Package biblatex Info: Redefining '\parencites'.
Package biblatex Info: Redefining '\smartcites'.
)
Package biblatex Info: Trying to load configuration file...
Package biblatex Info: ... file 'biblatex.cfg' found.

(/usr/local/texlive/2012/texmf-dist/tex/latex/biblatex/biblatex.cfg
File: biblatex.cfg 
))
(/usr/local/texlive/2012/texmf-dist/tex/latex/graphics/graphicx.sty
Package: graphicx 1999/02/16 v1.0f Enhanced LaTeX Graphics (DPC,SPQR)

(/usr/local/texlive/2012/texmf-dist/tex/latex/graphics/graphics.sty
Package: graphics 2009/02/05 v1.0o Standard LaTeX Graphics (DPC,SPQR)

(/usr/local/texlive/2012/texmf-dist/tex/latex/graphics/trig.sty
Package: trig 1999/03/16 v1.09 sin cos tan (DPC)
)
(/usr/local/texlive/2012/texmf-dist/tex/latex/latexconfig/graphics.cfg
File: graphics.cfg 2010/04/23 v1.9 graphics configuration of TeX Live
)
Package graphics Info: Driver file: dvips.def on input line 91.

(/usr/local/texlive/2012/texmf-dist/tex/latex/graphics/dvips.def
File: dvips.def 1999/02/16 v3.0i Driver-dependant file (DPC,SPQR)
))
\Gin@req@height=\dimen147
\Gin@req@width=\dimen148
)
(/usr/local/texlive/2012/texmf-dist/tex/latex/base/textcomp.sty
Package: textcomp 2005/09/27 v1.99g Standard LaTeX package
Package textcomp Info: Sub-encoding information:
(textcomp)               5 = only ISO-Adobe without \textcurrency
(textcomp)               4 = 5 + \texteuro
(textcomp)               3 = 4 + \textohm
(textcomp)               2 = 3 + \textestimated + \textcurrency
(textcomp)               1 = TS1 - \textcircled - \t
(textcomp)               0 = TS1 (full)
(textcomp)             Font families with sub-encoding setting implement
(textcomp)             only a restricted character set as indicated.
(textcomp)             Family '?' is the default used for unknown fonts.
(textcomp)             See the documentation for details.
Package textcomp Info: Setting ? sub-encoding to TS1/1 on input line 71.

(/usr/local/texlive/2012/texmf-dist/tex/latex/base/ts1enc.def
File: ts1enc.def 2001/06/05 v3.0e (jk/car/fm) Standard LaTeX file
)
LaTeX Info: Redefining \oldstylenums on input line 266.
Package textcomp Info: Setting cmr sub-encoding to TS1/0 on input line 281.
Package textcomp Info: Setting cmss sub-encoding to TS1/0 on input line 282.
Package textcomp Info: Setting cmtt sub-encoding to TS1/0 on input line 283.
Package textcomp Info: Setting cmvtt sub-encoding to TS1/0 on input line 284.
Package textcomp Info: Setting cmbr sub-encoding to TS1/0 on input line 285.
Package textcomp Info: Setting cmtl sub-encoding to TS1/0 on input line 286.
Package textcomp Info: Setting ccr sub-encoding to TS1/0 on input line 287.
Package textcomp Info: Setting ptm sub-encoding to TS1/4 on input line 288.
Package textcomp Info: Setting pcr sub-encoding to TS1/4 on input line 289.
Package textcomp Info: Setting phv sub-encoding to TS1/4 on input line 290.
Package textcomp Info: Setting ppl sub-encoding to TS1/3 on input line 291.
Package textcomp Info: Setting pag sub-encoding to TS1/4 on input line 292.
Package textcomp Info: Setting pbk sub-encoding to TS1/4 on input line 293.
Package textcomp Info: Setting pnc sub-encoding to TS1/4 on input line 294.
Package textcomp Info: Setting pzc sub-encoding to TS1/4 on input line 295.
Package textcomp Info: Setting bch sub-encoding to TS1/4 on input line 296.
Package textcomp Info: Setting put sub-encoding to TS1/5 on input line 297.
Package textcomp Info: Setting uag sub-encoding to TS1/5 on input line 298.
Package textcomp Info: Setting ugq sub-encoding to TS1/5 on input line 299.
Package textcomp Info: Setting ul8 sub-encoding to TS1/4 on input line 300.
Package textcomp Info: Setting ul9 sub-encoding to TS1/4 on input line 301.
Package textcomp Info: Setting augie sub-encoding to TS1/5 on input line 302.
Package textcomp Info: Setting dayrom sub-encoding to TS1/3 on input line 303.
Package textcomp Info: Setting dayroms sub-encoding to TS1/3 on input line 304.

Package textcomp Info: Setting pxr sub-encoding to TS1/0 on input line 305.
Package textcomp Info: Setting pxss sub-encoding to TS1/0 on input line 306.
Package textcomp Info: Setting pxtt sub-encoding to TS1/0 on input line 307.
Package textcomp Info: Setting txr sub-encoding to TS1/0 on input line 308.
Package textcomp Info: Setting txss sub-encoding to TS1/0 on input line 309.
Package textcomp Info: Setting txtt sub-encoding to TS1/0 on input line 310.
Package textcomp Info: Setting lmr sub-encoding to TS1/0 on input line 311.
Package textcomp Info: Setting lmdh sub-encoding to TS1/0 on input line 312.
Package textcomp Info: Setting lmss sub-encoding to TS1/0 on input line 313.
Package textcomp Info: Setting lmssq sub-encoding to TS1/0 on input line 314.
Package textcomp Info: Setting lmvtt sub-encoding to TS1/0 on input line 315.
Package textcomp Info: Setting qhv sub-encoding to TS1/0 on input line 316.
Package textcomp Info: Setting qag sub-encoding to TS1/0 on input line 317.
Package textcomp Info: Setting qbk sub-encoding to TS1/0 on input line 318.
Package textcomp Info: Setting qcr sub-encoding to TS1/0 on input line 319.
Package textcomp Info: Setting qcs sub-encoding to TS1/0 on input line 320.
Package textcomp Info: Setting qpl sub-encoding to TS1/0 on input line 321.
Package textcomp Info: Setting qtm sub-encoding to TS1/0 on input line 322.
Package textcomp Info: Setting qzc sub-encoding to TS1/0 on input line 323.
Package textcomp Info: Setting qhvc sub-encoding to TS1/0 on input line 324.
Package textcomp Info: Setting futs sub-encoding to TS1/4 on input line 325.
Package textcomp Info: Setting futx sub-encoding to TS1/4 on input line 326.
Package textcomp Info: Setting futj sub-encoding to TS1/4 on input line 327.
Package textcomp Info: Setting hlh sub-encoding to TS1/3 on input line 328.
Package textcomp Info: Setting hls sub-encoding to TS1/3 on input line 329.
Package textcomp Info: Setting hlst sub-encoding to TS1/3 on input line 330.
Package textcomp Info: Setting hlct sub-encoding to TS1/5 on input line 331.
Package textcomp Info: Setting hlx sub-encoding to TS1/5 on input line 332.
Package textcomp Info: Setting hlce sub-encoding to TS1/5 on input line 333.
Package textcomp Info: Setting hlcn sub-encoding to TS1/5 on input line 334.
Package textcomp Info: Setting hlcw sub-encoding to TS1/5 on input line 335.
Package textcomp Info: Setting hlcf sub-encoding to TS1/5 on input line 336.
Package textcomp Info: Setting pplx sub-encoding to TS1/3 on input line 337.
Package textcomp Info: Setting pplj sub-encoding to TS1/3 on input line 338.
Package textcomp Info: Setting ptmx sub-encoding to TS1/4 on input line 339.
Package textcomp Info: Setting ptmj sub-encoding to TS1/4 on input line 340.
)
(/usr/local/texlive/2012/texmf-dist/tex/latex/mh/mathtools.sty
Package: mathtools 2012/04/24 v1.12 mathematical typesetting tools

(/usr/local/texlive/2012/texmf-dist/tex/latex/tools/calc.sty
Package: calc 2007/08/22 v4.3 Infix arithmetic (KKT,FJ)
\calc@Acount=\count295
\calc@Bcount=\count296
\calc@Adimen=\dimen149
\calc@Bdimen=\dimen150
\calc@Askip=\skip193
\calc@Bskip=\skip194
LaTeX Info: Redefining \setlength on input line 76.
LaTeX Info: Redefining \addtolength on input line 77.
\calc@Ccount=\count297
\calc@Cskip=\skip195
)
(/usr/local/texlive/2012/texmf-dist/tex/latex/mh/mhsetup.sty
Package: mhsetup 2010/01/21 v1.2a programming setup (MH)
)
(/usr/local/texlive/2012/texmf-dist/tex/latex/amsmath/amsmath.sty
Package: amsmath 2000/07/18 v2.13 AMS math features
\@mathmargin=\skip196

For additional information on amsmath, use the `?' option.
(/usr/local/texlive/2012/texmf-dist/tex/latex/amsmath/amstext.sty
Package: amstext 2000/06/29 v2.01

(/usr/local/texlive/2012/texmf-dist/tex/latex/amsmath/amsgen.sty
File: amsgen.sty 1999/11/30 v2.0
\@emptytoks=\toks23
\ex@=\dimen151
))
(/usr/local/texlive/2012/texmf-dist/tex/latex/amsmath/amsbsy.sty
Package: amsbsy 1999/11/29 v1.2d
\pmbraise@=\dimen152
)
(/usr/local/texlive/2012/texmf-dist/tex/latex/amsmath/amsopn.sty
Package: amsopn 1999/12/14 v2.01 operator names
)
\inf@bad=\count298
LaTeX Info: Redefining \frac on input line 211.
\uproot@=\count299
\leftroot@=\count300
LaTeX Info: Redefining \overline on input line 307.
\classnum@=\count301
\DOTSCASE@=\count302
LaTeX Info: Redefining \ldots on input line 379.
LaTeX Info: Redefining \dots on input line 382.
LaTeX Info: Redefining \cdots on input line 467.
\Mathstrutbox@=\box29
\strutbox@=\box30
\big@size=\dimen153
LaTeX Font Info:    Redeclaring font encoding OML on input line 567.
LaTeX Font Info:    Redeclaring font encoding OMS on input line 568.
\macc@depth=\count303
\c@MaxMatrixCols=\count304
\dotsspace@=\muskip11
\c@parentequation=\count305
\dspbrk@lvl=\count306
\tag@help=\toks24
\row@=\count307
\column@=\count308
\maxfields@=\count309
\andhelp@=\toks25
\eqnshift@=\dimen154
\alignsep@=\dimen155
\tagshift@=\dimen156
\tagwidth@=\dimen157
\totwidth@=\dimen158
\lineht@=\dimen159
\@envbody=\toks26
\multlinegap=\skip197
\multlinetaggap=\skip198
\mathdisplay@stack=\toks27
LaTeX Info: Redefining \[ on input line 2666.
LaTeX Info: Redefining \] on input line 2667.
)
\g_MT_multlinerow_int=\count310
\l_MT_multwidth_dim=\dimen160
\origjot=\skip199
\l_MT_shortvdotswithinadjustabove_dim=\dimen161
\l_MT_shortvdotswithinadjustbelow_dim=\dimen162
\l_MT_above_intertext_dim=\dimen163
\l_MT_below_intertext_dim=\dimen164
\l_MT_above_shortintertext_dim=\dimen165
\l_MT_below_shortintertext_dim=\dimen166
)
(/usr/local/texlive/2012/texmf-dist/tex/latex/acronym/acronym.sty
Package: acronym 2010/09/08 v1.36 Support for acronyms (Tobias Oetiker)

(/usr/local/texlive/2012/texmf-dist/tex/latex/bigfoot/suffix.sty
Package: suffix 2006/07/15 1.5 Variant command support
)
\AC@clearlist=\toks28
)
\c@theorem=\count311
Package biblatex Info: Trying to load language 'english'...
Package biblatex Info: ... file 'english.lbx' found.

(/usr/local/texlive/2012/texmf-dist/tex/latex/biblatex/lbx/english.lbx
File: english.lbx 2011/11/13 v1.7 biblatex localization
)
\@quotelevel=\count312
\@quotereset=\count313

(./thesis.aux (./abstract.aux) (./acronyms.aux))
\openout1 = `thesis.aux'.

LaTeX Font Info:    Checking defaults for OML/cmm/m/it on input line 32.
LaTeX Font Info:    ... okay on input line 32.
LaTeX Font Info:    Checking defaults for T1/cmr/m/n on input line 32.
LaTeX Font Info:    ... okay on input line 32.
LaTeX Font Info:    Checking defaults for OT1/cmr/m/n on input line 32.
LaTeX Font Info:    ... okay on input line 32.
LaTeX Font Info:    Checking defaults for OMS/cmsy/m/n on input line 32.
LaTeX Font Info:    ... okay on input line 32.
LaTeX Font Info:    Checking defaults for OMX/cmex/m/n on input line 32.
LaTeX Font Info:    ... okay on input line 32.
LaTeX Font Info:    Checking defaults for U/cmr/m/n on input line 32.
LaTeX Font Info:    ... okay on input line 32.
LaTeX Font Info:    Checking defaults for TS1/cmr/m/n on input line 32.
LaTeX Font Info:    Try loading font information for TS1+cmr on input line 32.

(/usr/local/texlive/2012/texmf-dist/tex/latex/base/ts1cmr.fd
File: ts1cmr.fd 1999/05/25 v2.5h Standard LaTeX font definitions
)
LaTeX Font Info:    ... okay on input line 32.


******************************************************
Stock height and width: 794.96999pt by 614.295pt
Top and edge trims: 0pt and 0pt
Page height and width: 794.96999pt by 614.295pt
Text height and width: 606.5pt by 469pt
Spine and edge margins: 72.26999pt and 72.26999pt
Upper and lower margins: 111.76999pt and 76.7pt
Headheight and headsep: 14.5pt and 19.8738pt
Footskip: 30pt
Columnsep and columnseprule: 10pt and 0pt
Marginparsep and marginparwidth: 7pt and 50pt
Sidecapsep and sidecapwidth: 7pt and 50pt
Sidebarhsep and sidebarwidth: 7pt and 50pt
Sidebarvsep and sidebartopsep: 14.5pt and 0pt
Sidebarheight: 546.64995pt
Sidefoothsep and sidefootwidth: 7pt and 50pt
Sidefootvsep and sidefootheight: 14.5pt and 546.64995pt
******************************************************

Package biblatex Info: No input encoding detected.
(biblatex)             Assuming 'ascii'.
Package biblatex Info: Automatic encoding selection.
(biblatex)             Assuming data encoding 'ascii'.
\openout4 = `thesis-blx.bib'.

Package biblatex Info: Trying to load bibliographic data...
Package biblatex Info: ... file 'thesis.bbl' found.
(./thesis.bbl)
Package biblatex Info: Reference section=0 on input line 32.
Package biblatex Info: Reference segment=0 on input line 32.
 [1

]

Class ucbthesis Warning: The final submitted version should not have an approva
l page on input line 54.

[2] [3]
\openout2 = `abstract.aux'.

 (./abstract.tex
Missing character: There is no √ in font cmr12!
Missing character: There is no Ö in font cmr12!
Missing character: There is no ‚ in font cmr12!
Missing character: There is no Ä in font cmr12!
Missing character: There is no ô in font cmr12!
 [1

]) [1

]
No file thesis.toc.
[2]
No file thesis.lof.
[3

]
\openout2 = `acronyms.aux'.

 (./acronyms.tex) [4



] [5

]
\openout2 = `chap1.aux'.

 (./chap1.tex

LaTeX Warning: Citation 'Levine_1710' on page 1 undefined on input line 4.


LaTeX Warning: Citation 'Watson_4017' on page 1 undefined on input line 5.

[1


]
Missing character: There is no ‚ in font cmr12!
Missing character: There is no Ä in font cmr12!
Missing character: There is no ô in font cmr12!


LaTeX Warning: Reference `fig:Fig1.1' on page 2 undefined on input line 9.

Missing character: There is no ‚ in font cmr12!
Missing character: There is no Ä in font cmr12!
Missing character: There is no ò in font cmr12!
Missing character: There is no ‚ in font cmr12!
Missing character: There is no Ä in font cmr12!
Missing character: There is no ô in font cmr12!

LaTeX Warning: Citation 'd_41' on page 2 undefined on input line 9.

File: ../Ch1_figs/Fig1.1.eps Graphic file (type eps)
<../Ch1_figs/Fig1.1.eps>

LaTeX Warning: Citation 'Thomas_1201' on page 2 undefined on input line 16.


LaTeX Warning: Reference `fig:Fig1.1' on page 2 undefined on input line 16.


LaTeX Warning: Citation 'Buratowski_3748' on page 2 undefined on input line 16.



LaTeX Warning: Citation 'Rhee_24' on page 2 undefined on input line 16.


LaTeX Warning: Citation 'Burley_3049' on page 2 undefined on input line 16.


LaTeX Warning: Citation 'Bagby_2202' on page 2 undefined on input line 16.


LaTeX Warning: Citation 'Geiger_2949' on page 2 undefined on input line 16.


LaTeX Warning: Citation 'Liu_2574' on page 2 undefined on input line 16.


LaTeX Warning: Citation 'Thomas_1201' on page 2 undefined on input line 16.


LaTeX Warning: Reference `fig:Fig1.5' on page 2 undefined on input line 17.


LaTeX Warning: Citation 'Lagrange_2618' on page 2 undefined on input line 17.


LaTeX Warning: Citation 'Nikolov_3177' on page 2 undefined on input line 17.

Missing character: There is no ‚ in font cmr12!
Missing character: There is no Ä in font cmr12!
Missing character: There is no ô in font cmr12!

LaTeX Warning: Citation 'Kostrewa_659' on page 2 undefined on input line 17.

File: ../Ch1_figs/Fig1.5b.eps Graphic file (type eps)
<../Ch1_figs/Fig1.5b.eps>

LaTeX Warning: Citation 'Bleichenbacher_2003' on page 2 undefined on input line
 21.


LaTeX Warning: Citation 'Nikolov_3177' on page 2 undefined on input line 21.


LaTeX Warning: Citation 'Bleichenbacher_2003' on page 2 undefined on input line
 21.


LaTeX Warning: Citation 'Nikolov_3177' on page 2 undefined on input line 21.

[2] [3]

LaTeX Warning: Citation 'Burley_3049' on page 4 undefined on input line 28.


LaTeX Warning: Citation 'Matsui_3980' on page 4 undefined on input line 28.


LaTeX Warning: Citation 'Buratowski_1988' on page 4 undefined on input line 28.



LaTeX Warning: Reference `fig:Fig1.3' on page 4 undefined on input line 28.


LaTeX Warning: Citation 'Pugh_3586' on page 4 undefined on input line 28.


LaTeX Warning: Citation 'Dynlacht_3551' on page 4 undefined on input line 28.


LaTeX Warning: Reference `fig:Fig1.3' on page 4 undefined on input line 28.


LaTeX Warning: Reference `fig:Fig1.3' on page 4 undefined on input line 28.


LaTeX Warning: Citation 'Pugh_3586' on page 4 undefined on input line 28.

File: ../Ch1_figs/Fig1.3.eps Graphic file (type eps)
<../Ch1_figs/Fig1.3.eps>

LaTeX Warning: Citation 'Pugh_3586' on page 4 undefined on input line 32.


LaTeX Warning: Citation 'Dynlacht_3551' on page 4 undefined on input line 32.


LaTeX Warning: Citation 'Pugh_3586' on page 4 undefined on input line 32.


LaTeX Warning: Citation 'Dynlacht_3551' on page 4 undefined on input line 32.


LaTeX Warning: Citation 'Smale_3697' on page 4 undefined on input line 35.


LaTeX Warning: Citation 'Lim_1522' on page 4 undefined on input line 35.


LaTeX Warning: Citation 'Burke_3081' on page 4 undefined on input line 35.


LaTeX Warning: Reference `fig:Fig1.4' on page 4 undefined on input line 35.


LaTeX Warning: Citation 'Verrijzer_3120' on page 4 undefined on input line 35.


LaTeX Warning: Citation 'Chalkley_2339' on page 4 undefined on input line 35.

File: ../Ch1_figs/Fig1.4.eps Graphic file (type eps)
<../Ch1_figs/Fig1.4.eps>

LaTeX Warning: Reference `fig:Fig1.4' on page 4 undefined on input line 42.


LaTeX Warning: Citation 'Kim_1387' on page 4 undefined on input line 42.


LaTeX Warning: Citation 'Burke_2739' on page 4 undefined on input line 42.


LaTeX Warning: Citation 'Lim_1522' on page 4 undefined on input line 42.


LaTeX Warning: Citation 'Xie_2805' on page 4 undefined on input line 42.


LaTeX Warning: Citation 'Hoffmann_2911' on page 4 undefined on input line 42.


LaTeX Warning: Citation 'Shao_1340' on page 4 undefined on input line 42.


LaTeX Warning: Citation 'Shao_1340' on page 4 undefined on input line 42.

Missing character: There is no ‚ in font cmr12!
Missing character: There is no Ä in font cmr12!
Missing character: There is no ú in font cmr12!
Missing character: There is no ‚ in font cmr12!
Missing character: There is no Ä in font cmr12!
Missing character: There is no ù in font cmr12!

LaTeX Warning: Reference `fig:Fig1.4' on page 4 undefined on input line 43.


LaTeX Warning: Citation 'Juven-Gershon_1249' on page 4 undefined on input line 
43.


LaTeX Warning: Citation 'Juven-Gershon_1249' on page 4 undefined on input line 
43.

[4] [5] [6]

LaTeX Warning: Citation 'Juven-Gershon_468' on page 7 undefined on input line 5
0.


LaTeX Warning: Citation 'Ohtsuki_2485' on page 7 undefined on input line 50.


LaTeX Warning: Reference `fig:Enhancers' on page 7 undefined on input line 50.


LaTeX Warning: Citation 'Juven-Gershon_776' on page 7 undefined on input line 5
1.


LaTeX Warning: Reference `fig:Enhancers' on page 7 undefined on input line 51.

File: ../Ch1_figs/Enhancers4.eps Graphic file (type eps)
<../Ch1_figs/Enhancers4.eps>

LaTeX Warning: Citation 'Ohtsuki_2485' on page 7 undefined on input line 58.


LaTeX Warning: Citation 'Hsu_811' on page 7 undefined on input line 58.


LaTeX Warning: Citation 'Kamada_1996' on page 7 undefined on input line 58.


LaTeX Warning: Citation 'Darst_2003' on page 7 undefined on input line 58.


Overfull \hbox (11.46031pt too wide) in paragraph at lines 50--59
\OT1/cmr/m/n/12 scrip-tion fac-tor in \OT1/cmr/m/it/12 Drosophila \OT1/cmr/m/n/
12 de-vel-op-ment, as a DPE-specific en-hancer [[]].
 []

[7]

LaTeX Warning: Citation 'Bhattacharya_1103' on page 8 undefined on input line 6
3.


LaTeX Warning: Citation 'Jacobson_2160' on page 8 undefined on input line 63.


LaTeX Warning: Citation 'Kim_3377' on page 8 undefined on input line 63.


LaTeX Warning: Citation 'Kim_3416' on page 8 undefined on input line 63.


LaTeX Warning: Citation 'Liu_2574' on page 8 undefined on input line 63.


LaTeX Warning: Citation 'Werten_1763' on page 8 undefined on input line 63.


LaTeX Warning: Citation 'Xie_2805' on page 8 undefined on input line 63.


LaTeX Warning: Citation 'Leschziner_883' on page 8 undefined on input line 63.

Missing character: There is no √ in font cmr12!
Missing character: There is no Ö in font cmr12!

LaTeX Warning: Reference `fig:Compare' on page 8 undefined on input line 64.


LaTeX Warning: Citation 'Andel_2407' on page 8 undefined on input line 64.


LaTeX Warning: Citation 'Brand_2375' on page 8 undefined on input line 64.


LaTeX Warning: Citation 'Elmlund_691' on page 8 undefined on input line 64.


LaTeX Warning: Citation 'Grob_1281' on page 8 undefined on input line 64.


LaTeX Warning: Citation 'Leurent_1554' on page 8 undefined on input line 64.


LaTeX Warning: Citation 'Leurent_1797' on page 8 undefined on input line 64.


LaTeX Warning: Citation 'Liu_574' on page 8 undefined on input line 64.


LaTeX Warning: Citation 'Papai_418' on page 8 undefined on input line 64.


LaTeX Warning: Citation 'Papai_539' on page 8 undefined on input line 64.


LaTeX Warning: Citation 'Elmlund_691' on page 8 undefined on input line 64.


LaTeX Warning: Citation 'Papai_539' on page 8 undefined on input line 64.

File: ../Ch1_figs/TFIID_compare.eps Graphic file (type eps)
<../Ch1_figs/TFIID_compare.eps>

LaTeX Warning: Citation 'Grob_1281' on page 8 undefined on input line 68.


LaTeX Warning: Citation 'Elmlund_691' on page 8 undefined on input line 68.


LaTeX Warning: Citation 'Papai_539' on page 8 undefined on input line 68.


LaTeX Warning: Citation 'Grob_1281' on page 8 undefined on input line 68.


LaTeX Warning: Citation 'Elmlund_691' on page 8 undefined on input line 68.


LaTeX Warning: Citation 'Papai_539' on page 8 undefined on input line 68.


LaTeX Warning: Reference `fig:Compare' on page 8 undefined on input line 71.


LaTeX Warning: Citation 'Grob_1281' on page 8 undefined on input line 71.


LaTeX Warning: Citation 'Elmlund_691' on page 8 undefined on input line 72.


LaTeX Warning: Citation 'Papai_539' on page 8 undefined on input line 72.


LaTeX Warning: Citation 'Stewart_2004' on page 8 undefined on input line 72.


LaTeX Warning: Citation 'Papai_539' on page 8 undefined on input line 73.


LaTeX Warning: Citation 'Papai_418' on page 8 undefined on input line 73.


LaTeX Warning: Reference `fig:Compare' on page 8 undefined on input line 73.


LaTeX Warning: Reference `fig:Compare' on page 8 undefined on input line 73.

[8] [9]

LaTeX Warning: Citation 'Grob_1281' on page 10 undefined on input line 77.

Missing character: There is no ‚ in font cmr12!
Missing character: There is no Ä in font cmr12!
Missing character: There is no ú in font cmr12!
Missing character: There is no ‚ in font cmr12!
Missing character: There is no Ä in font cmr12!
Missing character: There is no ù in font cmr12!

Underfull \hbox (badness 10000) in paragraph at lines 77--79

 []

[10]) [11]
\openout2 = `chap2.aux'.

 (./chap2.tex
File: ../Ch2_figs/Fig2.1.eps Graphic file (type eps)
 <../Ch2_figs/Fig2.1.eps>

LaTeX Warning: Citation 'Grob_1281' on page 12 undefined on input line 12.


LaTeX Warning: Reference `fig:Fig2.1' on page 12 undefined on input line 12.


LaTeX Warning: Reference `fig:Fig2.2' on page 12 undefined on input line 12.


LaTeX Warning: Citation 'Grob_1281' on page 12 undefined on input line 12.


LaTeX Warning: Reference `fig:Fig2.2' on page 12 undefined on input line 12.


LaTeX Warning: Reference `fig:Fig2.2' on page 12 undefined on input line 12.

File: ../Ch2_figs/Fig2.2.eps Graphic file (type eps)
<../Ch2_figs/Fig2.2.eps>

LaTeX Warning: Reference `fig:Fig2.3' on page 12 undefined on input line 19.


LaTeX Warning: Reference `fig:Fig2.2' on page 12 undefined on input line 19.


LaTeX Warning: Reference `fig:Fig2.3' on page 12 undefined on input line 19.


LaTeX Warning: Reference `fig:Fig2.3' on page 12 undefined on input line 19.


LaTeX Warning: Reference `fig:Fig2.3' on page 12 undefined on input line 19.


LaTeX Warning: Reference `fig:Fig2.4' on page 12 undefined on input line 20.


LaTeX Warning: Citation 'Andel_2407' on page 12 undefined on input line 20.


LaTeX Warning: Citation 'Grob_1281' on page 12 undefined on input line 20.


LaTeX Warning: Reference `fig:Fig2.4' on page 12 undefined on input line 20.

File: ../Ch2_figs/Fig2.3.eps Graphic file (type eps)
<../Ch2_figs/Fig2.3.eps>

LaTeX Warning: Citation 'Grob_1281' on page 12 undefined on input line 24.

Missing character: There is no ‚ in font cmr12!
Missing character: There is no Ä in font cmr12!
Missing character: There is no ô in font cmr12!

LaTeX Warning: Citation 'Grob_1281' on page 12 undefined on input line 24.

Missing character: There is no ‚ in font cmr12!
Missing character: There is no Ä in font cmr12!
Missing character: There is no ô in font cmr12!
File: ../Ch2_figs/Fig2.4.eps Graphic file (type eps)
<../Ch2_figs/Fig2.4.eps>
Missing character: There is no ‚ in font cmr12!
Missing character: There is no Ä in font cmr12!
Missing character: There is no ô in font cmr12!
Missing character: There is no ‚ in font cmr12!
Missing character: There is no Ä in font cmr12!
Missing character: There is no ò in font cmr12!
Missing character: There is no ‚ in font cmr12!
Missing character: There is no Ä in font cmr12!
Missing character: There is no ô in font cmr12!
Missing character: There is no ‚ in font cmr12!
Missing character: There is no Ä in font cmr12!
Missing character: There is no ò in font cmr12!
Missing character: There is no ‚ in font cmr12!
Missing character: There is no Ä in font cmr12!
Missing character: There is no ô in font cmr12!
Missing character: There is no ‚ in font cmr12!
Missing character: There is no Ä in font cmr12!
Missing character: There is no ô in font cmr12!
Missing character: There is no ‚ in font cmr12!
Missing character: There is no Ä in font cmr12!
Missing character: There is no ò in font cmr12!
Missing character: There is no ‚ in font cmr12!
Missing character: There is no Ä in font cmr12!
Missing character: There is no ô in font cmr12!
Missing character: There is no ‚ in font cmr12!
Missing character: There is no Ä in font cmr12!
Missing character: There is no ò in font cmr12!
Missing character: There is no ‚ in font cmr12!
Missing character: There is no Ä in font cmr12!
Missing character: There is no ô in font cmr12!
 [12



]

Class memoir Warning: The material used in the headers is too large
(28.99998pt) for the given head height (14.5pt), it is recommended to
either increase the head height or redesign the header
(in both cases you will find help in the memoir manual). on input line 33.


Overfull \vbox (14.49998pt too high) has occurred while \output is active []


[13]
Overfull \vbox (14.49998pt too high) has occurred while \output is active []


[14]
Missing character: There is no ‚ in font cmr12!
Missing character: There is no Ä in font cmr12!
Missing character: There is no ú in font cmr12!
Missing character: There is no ‚ in font cmr12!
Missing character: There is no Ä in font cmr12!
Missing character: There is no ù in font cmr12!


LaTeX Warning: Reference `fig:Fig2.5' on page 15 undefined on input line 34.


LaTeX Warning: Reference `fig:Fig2.5' on page 15 undefined on input line 34.


LaTeX Warning: Reference `fig:Fig2.5' on page 15 undefined on input line 34.


LaTeX Warning: Reference `fig:Fig2.2' on page 15 undefined on input line 34.

File: ../Ch2_figs/Fig2.5.eps Graphic file (type eps)
<../Ch2_figs/Fig2.5.eps>
Missing character: There is no ‚ in font cmr12!
Missing character: There is no Ä in font cmr12!
Missing character: There is no ô in font cmr12!
Missing character: There is no ‚ in font cmr12!
Missing character: There is no Ä in font cmr12!
Missing character: There is no ô in font cmr12!


LaTeX Warning: Reference `fig:Fig2.5' on page 15 undefined on input line 41.


LaTeX Warning: Reference `fig:Fig2.5' on page 15 undefined on input line 41.


LaTeX Warning: Reference `fig:Fig2.5' on page 15 undefined on input line 41.


LaTeX Warning: Reference `fig:Fig2.6' on page 15 undefined on input line 41.


LaTeX Warning: Reference `fig:Fig2.5' on page 15 undefined on input line 41.

File: ../Ch2_figs/Fig2.6.eps Graphic file (type eps)
<../Ch2_figs/Fig2.6.eps>
Missing character: There is no ‚ in font cmr12!
Missing character: There is no Ä in font cmr12!
Missing character: There is no ô in font cmr12!
Missing character: There is no ‚ in font cmr12!
Missing character: There is no Ä in font cmr12!
Missing character: There is no ô in font cmr12!

Overfull \vbox (14.49998pt too high) has occurred while \output is active []


[15]
Overfull \vbox (14.49998pt too high) has occurred while \output is active []


[16]
Overfull \vbox (14.49998pt too high) has occurred while \output is active []


[17]
Overfull \vbox (14.49998pt too high) has occurred while \output is active []


[18]

LaTeX Warning: Reference `fig:Fig1.4' on page 19 undefined on input line 50.


LaTeX Warning: Reference `fig:Fig2.6' on page 19 undefined on input line 50.


LaTeX Warning: Reference `fig:Fig2.6' on page 19 undefined on input line 51.


LaTeX Warning: Reference `fig:Fig2.6' on page 19 undefined on input line 51.


LaTeX Warning: Reference `fig:Fig2.6' on page 19 undefined on input line 51.


LaTeX Warning: Reference `fig:Fig2.6' on page 19 undefined on input line 51.


LaTeX Warning: Citation 'Liu_723' on page 19 undefined on input line 51.


LaTeX Warning: Citation 'Liu_574' on page 19 undefined on input line 51.


Underfull \hbox (badness 10000) in paragraph at lines 50--52

 []


LaTeX Warning: Reference `fig:Fig2.7' on page 19 undefined on input line 54.


LaTeX Warning: Reference `fig:Fig2.7' on page 19 undefined on input line 54.


LaTeX Warning: Reference `fig:Fig2.7' on page 19 undefined on input line 54.


Overfull \vbox (14.49998pt too high) has occurred while \output is active []


[19]
Overfull \vbox (14.49998pt too high) has occurred while \output is active []


[20]

LaTeX Warning: Citation 'Grob_1281' on page 21 undefined on input line 57.


LaTeX Warning: Citation 'Andel_2407' on page 21 undefined on input line 57.


LaTeX Warning: Citation 'Grob_1281' on page 21 undefined on input line 57.


LaTeX Warning: Citation 'Liu_723' on page 21 undefined on input line 57.


LaTeX Warning: Citation 'Liu_574' on page 21 undefined on input line 57.


LaTeX Warning: Citation 'Liu_723' on page 21 undefined on input line 57.


LaTeX Warning: Reference `fig:Fig2.3' on page 21 undefined on input line 57.

File: ../Ch2_figs/Fig2.7.eps Graphic file (type eps)
<../Ch2_figs/Fig2.7.eps>
LaTeX Font Info:    Try loading font information for OML+cmr on input line 64.

(/usr/local/texlive/2012/texmf-dist/tex/latex/base/omlcmr.fd
File: omlcmr.fd 1999/05/25 v2.5h Standard LaTeX font definitions
)
LaTeX Font Info:    Font shape `OML/cmr/m/n' in size <12> not available
(Font)              Font shape `OML/cmm/m/it' tried instead on input line 64.
)
Underfull \hbox (badness 10000) in paragraph at lines 57--101

 []


Overfull \vbox (14.49998pt too high) has occurred while \output is active []


[21]
Overfull \vbox (14.49998pt too high) has occurred while \output is active []


[22]
\openout2 = `chap3.aux'.

 (./chap3.tex

LaTeX Warning: Citation 'Stewart_2004' on page 23 undefined on input line 7.


LaTeX Warning: Citation 'VanHeel_1987' on page 23 undefined on input line 8.


LaTeX Warning: Citation 'Radermacher_1987' on page 23 undefined on input line 8
.


LaTeX Warning: Citation 'Leschziner_1228' on page 23 undefined on input line 8.



LaTeX Warning: Citation 'DeRosier_1968' on page 23 undefined on input line 8.

File: ../Ch3_figs/Fig3.1.eps Graphic file (type eps)
<../Ch3_figs/Fig3.1.eps>

LaTeX Warning: Citation 'Radermacher_1987' on page 23 undefined on input line 1
5.


LaTeX Warning: Citation 'Frank_1996' on page 23 undefined on input line 15.


LaTeX Warning: Reference `fig:Fig3.1' on page 23 undefined on input line 16.


LaTeX Warning: Citation 'Leschziner_1228' on page 23 undefined on input line 16
.


LaTeX Warning: Citation 'Leschziner_452' on page 23 undefined on input line 16.



LaTeX Warning: Reference `fig:Fig3.1' on page 23 undefined on input line 16.


LaTeX Warning: Citation 'Scheres_2009' on page 23 undefined on input line 16.


Underfull \hbox (badness 10000) in paragraph at lines 7--17

 []

[23



]
File: ../Ch3_figs/Fig3.2.eps Graphic file (type eps)
 <../Ch3_figs/Fig3.2.eps>

LaTeX Warning: Reference `fig:Fig3.2' on page 24 undefined on input line 25.


LaTeX Warning: Reference `fig:Fig3.3' on page 24 undefined on input line 25.

Missing character: There is no ‚ in font cmr12!
Missing character: There is no Ä in font cmr12!
Missing character: There is no ò in font cmr12!

LaTeX Warning: Citation 'Chandramouli_280' on page 24 undefined on input line 2
5.


LaTeX Warning: Reference `fig:Fig3.3' on page 24 undefined on input line 25.


LaTeX Warning: Reference `fig:Fig3.3' on page 24 undefined on input line 25.


LaTeX Warning: Reference `fig:Fig3.3' on page 24 undefined on input line 25.


LaTeX Warning: Citation 'Saxton_3960' on page 24 undefined on input line 25.


LaTeX Warning: Reference `fig:Fig3.3' on page 24 undefined on input line 25.


LaTeX Warning: Reference `fig:Fig3.3' on page 24 undefined on input line 25.


LaTeX Warning: Reference `fig:Fig3.3' on page 24 undefined on input line 25.


LaTeX Warning: Reference `fig:Fig3.4' on page 24 undefined on input line 26.


LaTeX Warning: Reference `fig:Fig2.2' on page 24 undefined on input line 26.


LaTeX Warning: Reference `fig:Fig3.4' on page 24 undefined on input line 26.


LaTeX Warning: Reference `fig:Fig3.4' on page 24 undefined on input line 26.


LaTeX Warning: Reference `fig:Fig3.4' on page 24 undefined on input line 26.

File: ../Ch3_figs/Fig3.3.eps Graphic file (type eps)
<../Ch3_figs/Fig3.3.eps>
Missing character: There is no ‚ in font cmr12!
Missing character: There is no Ä in font cmr12!
Missing character: There is no ì in font cmr12!


LaTeX Warning: Citation 'Grob_1281' on page 24 undefined on input line 30.

Missing character: There is no ‚ in font cmr12!
Missing character: There is no Ä in font cmr12!
Missing character: There is no ì in font cmr12!

LaTeX Warning: Citation 'Grob_1281' on page 24 undefined on input line 30.

File: ../Ch3_figs/Fig3.4.eps Graphic file (type eps)
<../Ch3_figs/Fig3.4.eps>

LaTeX Warning: Float too large for page by 1.9021pt on input line 38.


Overfull \vbox (14.49998pt too high) has occurred while \output is active []


[24]
Overfull \vbox (14.49998pt too high) has occurred while \output is active []


[25]
Overfull \vbox (14.49998pt too high) has occurred while \output is active []


[26]

LaTeX Warning: Reference `fig:Fig2.6' on page 27 undefined on input line 42.


LaTeX Warning: Reference `fig:Fig3.5' on page 27 undefined on input line 42.


LaTeX Warning: Reference `fig:Fig3.5' on page 27 undefined on input line 42.

File: ../Ch3_figs/Fig3.5.eps Graphic file (type eps)
<../Ch3_figs/Fig3.5.eps>

LaTeX Warning: Reference `fig:Fig3.5' on page 27 undefined on input line 49.


LaTeX Warning: Citation 'Grob_1281' on page 27 undefined on input line 49.


LaTeX Warning: Citation 'Liu_574' on page 27 undefined on input line 49.


LaTeX Warning: Reference `fig:Fig3.5' on page 27 undefined on input line 49.


LaTeX Warning: Reference `fig:Fig3.5' on page 27 undefined on input line 49.


LaTeX Warning: Reference `fig:Fig3.5' on page 27 undefined on input line 49.


LaTeX Warning: Reference `fig:Fig3.5' on page 27 undefined on input line 50.


LaTeX Warning: Reference `fig:Fig3.5' on page 27 undefined on input line 50.


LaTeX Warning: Reference `fig:Fig3.5' on page 27 undefined on input line 50.


Underfull \hbox (badness 10000) in paragraph at lines 42--51

 []


Overfull \vbox (14.49998pt too high) has occurred while \output is active []


[27]
Overfull \vbox (14.49998pt too high) has occurred while \output is active []


[28]
Overfull \vbox (14.49998pt too high) has occurred while \output is active []


[29]
Overfull \vbox (14.49998pt too high) has occurred while \output is active []


[30]

LaTeX Warning: Reference `fig:Compare' on page 31 undefined on input line 54.


LaTeX Warning: Citation 'Elmlund_691' on page 31 undefined on input line 54.


LaTeX Warning: Citation 'Leurent_1554' on page 31 undefined on input line 54.


LaTeX Warning: Citation 'Leurent_1797' on page 31 undefined on input line 54.


LaTeX Warning: Citation 'Papai_539' on page 31 undefined on input line 54.


LaTeX Warning: Citation 'Elmlund_691' on page 31 undefined on input line 54.


LaTeX Warning: Citation 'Papai_418' on page 31 undefined on input line 54.


LaTeX Warning: Reference `fig:Fig3.6' on page 31 undefined on input line 54.


LaTeX Warning: Citation 'Rosenthal_2003' on page 31 undefined on input line 54.



LaTeX Warning: Citation 'Rosenthal_2003' on page 31 undefined on input line 54.



LaTeX Warning: Reference `fig:Fig3.6' on page 31 undefined on input line 54.


LaTeX Warning: Citation 'Baker_2012' on page 31 undefined on input line 54.


LaTeX Warning: Citation 'Henderson_2011' on page 31 undefined on input line 54.



LaTeX Warning: Citation 'Lau_2010' on page 31 undefined on input line 54.


LaTeX Warning: Citation 'Rosenthal_2003' on page 31 undefined on input line 54.



LaTeX Warning: Citation 'Brunger_1992' on page 31 undefined on input line 54.

File: ../Ch3_figs/Fig3.6.eps Graphic file (type eps)
<../Ch3_figs/Fig3.6.eps>
Missing character: There is no ¬ in font cmr12!
Missing character: There is no ∞ in font cmr12!
Missing character: There is no ¬ in font cmr12!
Missing character: There is no ∞ in font cmr12!


LaTeX Warning: Float too large for page by 24.12567pt on input line 60.


Overfull \hbox (37.06267pt too wide) in paragraph at lines 54--61
[]\OT1/cmr/m/n/12 , []] and the struc-ture that TFIID adopts on pro-moter DNA [
[],
 []


Overfull \hbox (38.35074pt too wide) in paragraph at lines 54--61
\OT1/cmr/m/n/12 free-hand test was per-formed on cryo-EM data of TFIID-TFIIA-SC
P (Fig-ure []) [[]].
 []


LaTeX Warning: Reference `fig:Fig3.6' on page 31 undefined on input line 64.


LaTeX Warning: Citation 'Lander_2012' on page 31 undefined on input line 64.


LaTeX Warning: Reference `fig:Fig3.7' on page 31 undefined on input line 64.


LaTeX Warning: Reference `fig:Fig3.7' on page 31 undefined on input line 64.


LaTeX Warning: Citation 'Lander_2012' on page 31 undefined on input line 64.

File: ../Ch3_figs/Fig3.7.eps Graphic file (type eps)
<../Ch3_figs/Fig3.7.eps>
Overfull \vbox (14.49998pt too high) has occurred while \output is active []


[31]
Overfull \vbox (14.49998pt too high) has occurred while \output is active []


[32]
File: ../Ch3_figs/Fig3.8.eps Graphic file (type eps)
 <../Ch3_figs/Fig3.8.eps>
Overfull \vbox (14.49998pt too high) has occurred while \output is active []


[33]

LaTeX Warning: Reference `fig:Fig3.5' on page 34 undefined on input line 80.


LaTeX Warning: Reference `fig:Fig3.8' on page 34 undefined on input line 80.


LaTeX Warning: Reference `fig:Fig3.8' on page 34 undefined on input line 80.


LaTeX Warning: Reference `fig:Fig3.8' on page 34 undefined on input line 80.


LaTeX Warning: Reference `fig:Fig3.8' on page 34 undefined on input line 81.


LaTeX Warning: Reference `fig:Fig3.5' on page 34 undefined on input line 81.


LaTeX Warning: Citation 'Baker_2012' on page 34 undefined on input line 81.


LaTeX Warning: Citation 'Henderson_2011' on page 34 undefined on input line 81.



LaTeX Warning: Citation 'Lau_2010' on page 34 undefined on input line 81.


LaTeX Warning: Reference `fig:Fig2.6' on page 34 undefined on input line 81.


LaTeX Warning: Citation 'Elmlund_691' on page 34 undefined on input line 81.


LaTeX Warning: Citation 'Leurent_1554' on page 34 undefined on input line 81.


LaTeX Warning: Citation 'Leurent_1797' on page 34 undefined on input line 81.


LaTeX Warning: Citation 'Papai_539' on page 34 undefined on input line 81.


LaTeX Warning: Citation 'Papai_418' on page 34 undefined on input line 81.


Overfull \vbox (14.49998pt too high) has occurred while \output is active []


[34]
File: ../Ch3_figs/Fig3.12.eps Graphic file (type eps)
 <../Ch3_figs/Fig3.12.eps>

LaTeX Warning: Reference `fig:Fig3.12' on page 35 undefined on input line 98.


LaTeX Warning: Reference `fig:Fig3.12' on page 35 undefined on input line 98.


LaTeX Warning: Reference `fig:Fig3.12' on page 35 undefined on input line 98.

File: ../Ch3_figs/Fig3.13.eps Graphic file (type eps)
<../Ch3_figs/Fig3.13.eps>

LaTeX Warning: Reference `fig:Fig3.13' on page 35 undefined on input line 105.


LaTeX Warning: Reference `fig:Fig3.13' on page 35 undefined on input line 105.


LaTeX Warning: Reference `fig:Fig3.13' on page 35 undefined on input line 105.


LaTeX Warning: Reference `fig:Fig3.13' on page 35 undefined on input line 105.


Underfull \hbox (badness 10000) in paragraph at lines 98--106

 []


Overfull \vbox (14.49998pt too high) has occurred while \output is active []


[35]
Overfull \vbox (14.49998pt too high) has occurred while \output is active []


[36]
Overfull \vbox (14.49998pt too high) has occurred while \output is active []


[37]
File: ../Ch3_figs/Fig3.14.eps Graphic file (type eps)
 <../Ch3_figs/Fig3.14.eps>

LaTeX Warning: Citation 'Bleichenbacher_2003' on page 38 undefined on input lin
e 114.


LaTeX Warning: Reference `fig:Fig3.14' on page 38 undefined on input line 114.


LaTeX Warning: Reference `fig:Fig3.14' on page 38 undefined on input line 114.


LaTeX Warning: Reference `fig:Fig3.14' on page 38 undefined on input line 114.


Underfull \hbox (badness 10000) in paragraph at lines 114--115

 []


Overfull \vbox (14.49998pt too high) has occurred while \output is active []


[38]
File: ../Ch3_figs/Fig3.15.eps Graphic file (type eps)
 <../Ch3_figs/Fig3.15.eps>

LaTeX Warning: Reference `fig:Fig3.15' on page 39 undefined on input line 123.


LaTeX Warning: Reference `fig:Fig3.15' on page 39 undefined on input line 123.


Underfull \hbox (badness 10000) in paragraph at lines 123--124

 []


LaTeX Warning: Reference `fig:Fig3.17' on page 39 undefined on input line 128.


LaTeX Warning: Reference `fig:Fig3.17' on page 39 undefined on input line 128.

File: ../Ch3_figs/Fig3.17.eps Graphic file (type eps)
<../Ch3_figs/Fig3.17.eps>

LaTeX Warning: Reference `fig:Fig3.16' on page 39 undefined on input line 132.


LaTeX Warning: Reference `fig:Fig3.16' on page 39 undefined on input line 132.


LaTeX Warning: Reference `fig:Fig3.16' on page 39 undefined on input line 135.


LaTeX Warning: Reference `fig:Fig3.16' on page 39 undefined on input line 135.


LaTeX Warning: Reference `fig:Fig3.17' on page 39 undefined on input line 135.


LaTeX Warning: Reference `fig:Fig3.17' on page 39 undefined on input line 135.


LaTeX Warning: Reference `fig:Fig3.16' on page 39 undefined on input line 136.


LaTeX Warning: Reference `fig:Fig3.17' on page 39 undefined on input line 136.

File: ../Ch3_figs/Fig3.16.eps Graphic file (type eps)
<../Ch3_figs/Fig3.16.eps>
Overfull \vbox (14.49998pt too high) has occurred while \output is active []


[39]
Overfull \vbox (14.49998pt too high) has occurred while \output is active []


[40]
Overfull \vbox (14.49998pt too high) has occurred while \output is active []


[41]

LaTeX Warning: Reference `fig:Fig3.16' on page 42 undefined on input line 145.


LaTeX Warning: Reference `fig:Fig3.16' on page 42 undefined on input line 145.


LaTeX Warning: Reference `fig:Fig3.16' on page 42 undefined on input line 145.


Overfull \vbox (14.49998pt too high) has occurred while \output is active []


[42]
File: ../Ch3_figs/Fig3.18.eps Graphic file (type eps)
 <../Ch3_figs/Fig3.18.eps>

LaTeX Warning: Reference `fig:Fig3.3' on page 43 undefined on input line 154.


LaTeX Warning: Reference `fig:Fig3.5' on page 43 undefined on input line 154.


LaTeX Warning: Reference `fig:Fig3.8' on page 43 undefined on input line 154.


LaTeX Warning: Reference `fig:Fig3.18' on page 43 undefined on input line 155.


LaTeX Warning: Reference `fig:Fig3.16' on page 43 undefined on input line 155.


LaTeX Warning: Reference `fig:Fig3.18' on page 43 undefined on input line 155.


LaTeX Warning: Citation 'Burke_2739' on page 43 undefined on input line 155.


LaTeX Warning: Citation 'Theisen_341' on page 43 undefined on input line 155.


LaTeX Warning: Citation 'Xie_2805' on page 43 undefined on input line 155.


LaTeX Warning: Citation 'Shao_1340' on page 43 undefined on input line 155.


LaTeX Warning: Reference `fig:Fig3.18' on page 43 undefined on input line 156.


LaTeX Warning: Citation 'Chalkley_2339' on page 43 undefined on input line 156.



LaTeX Warning: Citation 'Wright_1170' on page 43 undefined on input line 157.


LaTeX Warning: Reference `fig:Fig3.18' on page 43 undefined on input line 158.


LaTeX Warning: Reference `fig:Fig3.16' on page 43 undefined on input line 159.


LaTeX Warning: Reference `fig:Fig3.19' on page 43 undefined on input line 159.


LaTeX Warning: Reference `fig:Fig3.16' on page 43 undefined on input line 159.

File: ../Ch3_figs/Fig3.19.eps Graphic file (type eps)
<../Ch3_figs/Fig3.19.eps>

LaTeX Warning: Citation 'Jadzinsky_2007' on page 43 undefined on input line 163
.


LaTeX Warning: Citation 'Jadzinsky_2007' on page 43 undefined on input line 163
.


LaTeX Warning: Reference `fig:Fig3.19' on page 43 undefined on input line 166.


LaTeX Warning: Reference `fig:Fig3.19' on page 43 undefined on input line 166.


LaTeX Warning: Citation 'Kim_3377' on page 43 undefined on input line 166.


LaTeX Warning: Citation 'Kim_3416' on page 43 undefined on input line 166.


LaTeX Warning: Reference `fig:Fig3.19' on page 43 undefined on input line 166.


LaTeX Warning: Reference `fig:Fig3.5' on page 43 undefined on input line 167.


LaTeX Warning: Reference `fig:Fig3.8' on page 43 undefined on input line 167.


LaTeX Warning: Citation 'Milazzo_2011' on page 43 undefined on input line 167.


LaTeX Warning: Citation 'Campell_2012' on page 43 undefined on input line 167.


LaTeX Warning: Citation 'Hall_2011' on page 43 undefined on input line 167.


LaTeX Warning: Citation 'Nagayama_2011' on page 43 undefined on input line 167.



Underfull \hbox (badness 10000) in paragraph at lines 154--168

 []


Overfull \vbox (14.49998pt too high) has occurred while \output is active []


[43]
Overfull \vbox (14.49998pt too high) has occurred while \output is active []


[44]
Overfull \vbox (14.49998pt too high) has occurred while \output is active []


[45])
Overfull \vbox (14.49998pt too high) has occurred while \output is active []


[46]
Overfull \vbox (14.49998pt too high) has occurred while \output is active []


[47]
\openout2 = `chap4.aux'.

 (./chap4.tex

LaTeX Warning: Reference `fig:Fig4.13' on page 48 undefined on input line 4.

File: ../Ch4_figs/Fig4.1.eps Graphic file (type eps)
<../Ch4_figs/Fig4.1.eps>
Missing character: There is no ‚ in font cmr12!
Missing character: There is no Ä in font cmr12!
Missing character: There is no ì in font cmr12!
Missing character: There is no ‚ in font cmr12!
Missing character: There is no Ä in font cmr12!
Missing character: There is no ì in font cmr12!


LaTeX Warning: Reference `fig:Fig4.1' on page 48 undefined on input line 14.


LaTeX Warning: Citation 'Juven-Gershon_1249' on page 48 undefined on input line
 14.


LaTeX Warning: Reference `fig:Fig4.1' on page 48 undefined on input line 14.


LaTeX Warning: Reference `fig:Fig4.2' on page 48 undefined on input line 14.


LaTeX Warning: Reference `fig:Fig4.1' on page 48 undefined on input line 14.


LaTeX Warning: Reference `fig:Fig4.1' on page 48 undefined on input line 14.

File: ../Ch4_figs/Fig4.2.eps Graphic file (type eps)
<../Ch4_figs/Fig4.2.eps>
Missing character: There is no ‚ in font cmr12!
Missing character: There is no Ä in font cmr12!
Missing character: There is no ô in font cmr12!
Missing character: There is no ‚ in font cmr12!
Missing character: There is no Ä in font cmr12!
Missing character: There is no ô in font cmr12!
Missing character: There is no ‚ in font cmr12!
Missing character: There is no Ä in font cmr12!
Missing character: There is no ô in font cmr12!
Missing character: There is no ‚ in font cmr12!
Missing character: There is no Ä in font cmr12!
Missing character: There is no ô in font cmr12!
Missing character: There is no ‚ in font cmr12!
Missing character: There is no Ä in font cmr12!
Missing character: There is no ô in font cmr12!
Missing character: There is no ‚ in font cmr12!
Missing character: There is no Ä in font cmr12!
Missing character: There is no ô in font cmr12!


LaTeX Warning: Citation 'Hertzberg_3897' on page 48 undefined on input line 21.



LaTeX Warning: Citation 'Papavassiliou_3156' on page 48 undefined on input line
 21.


LaTeX Warning: Citation 'Va_3928' on page 48 undefined on input line 21.


LaTeX Warning: Reference `fig:Fig4.1' on page 48 undefined on input line 21.


LaTeX Warning: Reference `fig:Fig4.2' on page 48 undefined on input line 21.


LaTeX Warning: Citation 'Geiger_2949' on page 48 undefined on input line 21.


LaTeX Warning: Citation 'Kim_3377' on page 48 undefined on input line 21.


LaTeX Warning: Citation 'Kim_3416' on page 48 undefined on input line 21.


LaTeX Warning: Citation 'Nikolov_3177' on page 48 undefined on input line 21.


LaTeX Warning: Citation 'Uchida_3659' on page 48 undefined on input line 21.


LaTeX Warning: Reference `fig:Fig4.1' on page 48 undefined on input line 21.

File: ../Ch4_figs/Fig4.4.eps Graphic file (type eps)
<../Ch4_figs/Fig4.4.eps>

LaTeX Warning: Reference `fig:Fig4.1' on page 48 undefined on input line 25.


LaTeX Warning: Reference `fig:Fig4.1' on page 48 undefined on input line 25.

Missing character: There is no ‚ in font cmr12!
Missing character: There is no Ä in font cmr12!
Missing character: There is no ô in font cmr12!
Missing character: There is no ‚ in font cmr12!
Missing character: There is no Ä in font cmr12!
Missing character: There is no ô in font cmr12!

LaTeX Warning: Reference `fig:Fig4.1' on page 48 undefined on input line 28.


LaTeX Warning: Reference `fig:Fig4.4' on page 48 undefined on input line 28.


LaTeX Warning: Reference `fig:Fig4.1' on page 48 undefined on input line 29.


LaTeX Warning: Reference `fig:Fig4.4' on page 48 undefined on input line 30.


Underfull \hbox (badness 10000) in paragraph at lines 13--31

 []

[48



]
Overfull \vbox (14.49998pt too high) has occurred while \output is active []


[49]
Overfull \vbox (14.49998pt too high) has occurred while \output is active []


[50]
Overfull \vbox (14.49998pt too high) has occurred while \output is active []


[51]
Overfull \vbox (14.49998pt too high) has occurred while \output is active []


[52]
File: ../Ch4_figs/Fig4.7.eps Graphic file (type eps)
 <../Ch4_figs/Fig4.7.eps>
Missing character: There is no ‚ in font cmr12!
Missing character: There is no Ä in font cmr12!
Missing character: There is no ò in font cmr12!
Missing character: There is no ‚ in font cmr12!
Missing character: There is no Ä in font cmr12!
Missing character: There is no ô in font cmr12!
Missing character: There is no ‚ in font cmr12!
Missing character: There is no Ä in font cmr12!
Missing character: There is no ò in font cmr12!
Missing character: There is no ‚ in font cmr12!
Missing character: There is no Ä in font cmr12!
Missing character: There is no ô in font cmr12!
Missing character: There is no ‚ in font cmr12!
Missing character: There is no Ä in font cmr12!
Missing character: There is no ô in font cmr12!
Missing character: There is no ‚ in font cmr12!
Missing character: There is no Ä in font cmr12!
Missing character: There is no ò in font cmr12!
Missing character: There is no ‚ in font cmr12!
Missing character: There is no Ä in font cmr12!
Missing character: There is no ô in font cmr12!
Missing character: There is no ‚ in font cmr12!
Missing character: There is no Ä in font cmr12!
Missing character: There is no ò in font cmr12!
Missing character: There is no ‚ in font cmr12!
Missing character: There is no Ä in font cmr12!
Missing character: There is no ô in font cmr12!
Missing character: There is no ‚ in font cmr12!
Missing character: There is no Ä in font cmr12!
Missing character: There is no ô in font cmr12!
File: ../Ch4_figs/Fig4.8.eps Graphic file (type eps)
 <../Ch4_figs/Fig4.8.eps>
Missing character: There is no ‚ in font cmr12!
Missing character: There is no Ä in font cmr12!
Missing character: There is no ò in font cmr12!
Missing character: There is no ‚ in font cmr12!
Missing character: There is no Ä in font cmr12!
Missing character: There is no ô in font cmr12!
Missing character: There is no ‚ in font cmr12!
Missing character: There is no Ä in font cmr12!
Missing character: There is no ò in font cmr12!
Missing character: There is no ‚ in font cmr12!
Missing character: There is no Ä in font cmr12!
Missing character: There is no ô in font cmr12!


LaTeX Warning: Citation 'Juven-Gershon_468' on page 53 undefined on input line 
45.

Missing character: There is no ‚ in font cmr12!
Missing character: There is no Ä in font cmr12!
Missing character: There is no ò in font cmr12!
Missing character: There is no ‚ in font cmr12!
Missing character: There is no Ä in font cmr12!
Missing character: There is no ô in font cmr12!

LaTeX Warning: Reference `fig:Fig4.7' on page 53 undefined on input line 45.


LaTeX Warning: Citation 'Juven-Gershon_1249' on page 53 undefined on input line
 45.


LaTeX Warning: Reference `fig:Fig4.8' on page 53 undefined on input line 45.


LaTeX Warning: Reference `fig:Fig4.6' on page 53 undefined on input line 45.


LaTeX Warning: Reference `fig:Fig4.7' on page 53 undefined on input line 46.


LaTeX Warning: Citation 'Juven-Gershon_1249' on page 53 undefined on input line
 46.

File: ../Ch4_figs/Fig4.6.eps Graphic file (type eps)
<../Ch4_figs/Fig4.6.eps>

LaTeX Warning: Reference `fig:Fig4.7' on page 53 undefined on input line 53.


LaTeX Warning: Citation 'Thomas_1201' on page 53 undefined on input line 53.


LaTeX Warning: Citation 'Sawadogo_3840' on page 53 undefined on input line 53.


LaTeX Warning: Citation 'Va_3783' on page 53 undefined on input line 53.


Overfull \vbox (14.49998pt too high) has occurred while \output is active []


[53]
Overfull \vbox (14.49998pt too high) has occurred while \output is active []


[54]
Overfull \vbox (14.49998pt too high) has occurred while \output is active []


[55]

LaTeX Warning: Reference `fig:Fig4.5' on page 56 undefined on input line 58.


LaTeX Warning: Reference `fig:Fig4.5' on page 56 undefined on input line 59.


LaTeX Warning: Reference `fig:Fig4.5' on page 56 undefined on input line 59.


LaTeX Warning: Reference `fig:Fig4.5' on page 56 undefined on input line 59.


LaTeX Warning: Reference `fig:Fig4.5' on page 56 undefined on input line 60.


LaTeX Warning: Reference `fig:Fig4.5' on page 56 undefined on input line 60.


LaTeX Warning: Reference `fig:Fig4.5' on page 56 undefined on input line 61.

File: ../Ch4_figs/Fig4.5.eps Graphic file (type eps)
<../Ch4_figs/Fig4.5.eps>
Overfull \vbox (14.49998pt too high) has occurred while \output is active []


[56]
Overfull \vbox (14.49998pt too high) has occurred while \output is active []


[57]

LaTeX Warning: Reference `fig:Fig4.9' on page 58 undefined on input line 71.


LaTeX Warning: Reference `fig:Fig4.9' on page 58 undefined on input line 71.

File: ../Ch4_figs/Fig4.9.eps Graphic file (type eps)
<../Ch4_figs/Fig4.9.eps>

LaTeX Warning: Reference `fig:Fig4.11' on page 58 undefined on input line 78.


LaTeX Warning: Reference `fig:Fig4.11' on page 58 undefined on input line 78.

File: ../Ch4_figs/Fig4.11.eps Graphic file (type eps)
<../Ch4_figs/Fig4.11.eps>

LaTeX Warning: Reference `fig:Fig4.11' on page 58 undefined on input line 85.


LaTeX Warning: Citation 'Juven-Gershon_1249' on page 58 undefined on input line
 85.


LaTeX Warning: Citation 'Deng_2005' on page 58 undefined on input line 85.


LaTeX Warning: Citation 'Tsai_2000' on page 58 undefined on input line 85.


LaTeX Warning: Citation 'Juven-Gershon_1249' on page 58 undefined on input line
 85.

File: ../Ch4_figs/4.12.eps Graphic file (type eps)
<../Ch4_figs/4.12.eps>

LaTeX Warning: Reference `fig:Fig4.12' on page 58 undefined on input line 92.


LaTeX Warning: Reference `fig:Fig4.11' on page 58 undefined on input line 92.


LaTeX Warning: Citation 'Tsai_2000' on page 58 undefined on input line 92.


LaTeX Warning: Reference `fig:Fig4.8' on page 58 undefined on input line 92.


LaTeX Warning: Reference `fig:IIB_cryo' on page 58 undefined on input line 93.


LaTeX Warning: Reference `fig:Fig3.17' on page 58 undefined on input line 94.


LaTeX Warning: Reference `fig:IIB_cryo' on page 58 undefined on input line 94.


LaTeX Warning: Reference `fig:Fig4.11' on page 58 undefined on input line 94.

File: ../Ch4_figs/IID_IIA_IIB_SCP_fig.eps Graphic file (type eps)
<../Ch4_figs/IID_IIA_IIB_SCP_fig.eps>

LaTeX Warning: Reference `fig:Fig3.18' on page 58 undefined on input line 98.


LaTeX Warning: Reference `fig:Fig3.18' on page 58 undefined on input line 98.


Overfull \vbox (14.49998pt too high) has occurred while \output is active []


[58]
Overfull \vbox (14.49998pt too high) has occurred while \output is active []


[59]
Overfull \vbox (14.49998pt too high) has occurred while \output is active []


[60]
Overfull \vbox (14.49998pt too high) has occurred while \output is active []


[61]
Overfull \vbox (14.49998pt too high) has occurred while \output is active []


[62]
Overfull \vbox (14.49998pt too high) has occurred while \output is active []


[63]
File: ../Ch4_figs/Fig4.13.eps Graphic file (type eps)
 <../Ch4_figs/Fig4.13.eps>

LaTeX Warning: Float too large for page by 2.24953pt on input line 108.


Overfull \vbox (14.49998pt too high) has occurred while \output is active []


[64]
Overfull \vbox (14.49998pt too high) has occurred while \output is active []


[65]

LaTeX Warning: Reference `fig:Fig4.13' on page 66 undefined on input line 110.


LaTeX Warning: Reference `fig:Fig4.15' on page 66 undefined on input line 110.


LaTeX Warning: Reference `fig:Fig4.13' on page 66 undefined on input line 110.


LaTeX Warning: Reference `fig:Fig4.14' on page 66 undefined on input line 110.


LaTeX Warning: Reference `fig:Fig4.15' on page 66 undefined on input line 110.


Underfull \hbox (badness 10000) in paragraph at lines 110--111

 []


LaTeX Warning: Reference `fig:Fig4.13' on page 66 undefined on input line 114.


LaTeX Warning: Reference `fig:Fig2.3' on page 66 undefined on input line 114.


LaTeX Warning: Reference `fig:Fig2.4' on page 66 undefined on input line 114.


LaTeX Warning: Reference `fig:Fig2.5' on page 66 undefined on input line 114.


LaTeX Warning: Reference `fig:Fig4.13' on page 66 undefined on input line 114.


LaTeX Warning: Reference `fig:Fig4.13' on page 66 undefined on input line 114.


LaTeX Warning: Reference `fig:Fig4.13' on page 66 undefined on input line 114.


LaTeX Warning: Reference `fig:Fig2.6' on page 66 undefined on input line 115.


LaTeX Warning: Reference `fig:Fig4.1' on page 66 undefined on input line 115.


LaTeX Warning: Reference `fig:Fig4.13' on page 66 undefined on input line 115.


LaTeX Warning: Reference `fig:Fig4.1' on page 66 undefined on input line 115.


LaTeX Warning: Citation 'Bagby_2202' on page 66 undefined on input line 115.


LaTeX Warning: Citation 'Geiger_2949' on page 66 undefined on input line 115.


LaTeX Warning: Citation 'Liu_2574' on page 66 undefined on input line 115.


LaTeX Warning: Reference `fig:Fig4.13' on page 66 undefined on input line 116.


LaTeX Warning: Reference `fig:Fig2.6' on page 66 undefined on input line 116.


LaTeX Warning: Reference `fig:Fig2.6' on page 66 undefined on input line 117.


LaTeX Warning: Reference `fig:Fig2.7' on page 66 undefined on input line 117.


LaTeX Warning: Reference `fig:Fig4.13' on page 66 undefined on input line 117.


LaTeX Warning: Reference `fig:Fig4.13' on page 66 undefined on input line 117.


LaTeX Warning: Reference `fig:Fig4.13' on page 66 undefined on input line 117.


LaTeX Warning: Reference `fig:Fig4.13' on page 66 undefined on input line 117.


LaTeX Warning: Reference `fig:Fig3.16' on page 66 undefined on input line 117.


LaTeX Warning: Reference `fig:Fig4.5' on page 66 undefined on input line 117.


LaTeX Warning: Reference `fig:Fig4.5' on page 66 undefined on input line 117.


LaTeX Warning: Reference `fig:Fig4.13' on page 66 undefined on input line 117.


LaTeX Warning: Reference `fig:Fig4.13' on page 66 undefined on input line 117.


LaTeX Warning: Reference `fig:Fig4.13' on page 66 undefined on input line 117.


Underfull \hbox (badness 10000) in paragraph at lines 114--118

 []


Overfull \vbox (14.49998pt too high) has occurred while \output is active []


[66]
Overfull \vbox (14.49998pt too high) has occurred while \output is active []


[67]
File: ../Ch4_figs/Fig4.14.eps Graphic file (type eps)
 <../Ch4_figs/Fig4.14.eps>
Overfull \vbox (14.49998pt too high) has occurred while \output is active []


[68]

LaTeX Warning: Citation 'Juven-Gershon_468' on page 69 undefined on input line 
128.


LaTeX Warning: Reference `fig:Fig4.7' on page 69 undefined on input line 128.


LaTeX Warning: Reference `fig:Fig4.14' on page 69 undefined on input line 128.


LaTeX Warning: Reference `fig:Fig4.7' on page 69 undefined on input line 128.


LaTeX Warning: Reference `fig:Fig4.8' on page 69 undefined on input line 128.


LaTeX Warning: Reference `fig:Fig4.14' on page 69 undefined on input line 128.


LaTeX Warning: Reference `fig:Fig4.14' on page 69 undefined on input line 129.


LaTeX Warning: Reference `fig:Fig4.12' on page 69 undefined on input line 130.


LaTeX Warning: Citation 'Rhee_24' on page 69 undefined on input line 130.


Underfull \hbox (badness 10000) in paragraph at lines 128--131

 []


Overfull \vbox (14.49998pt too high) has occurred while \output is active []


[69]
Overfull \vbox (14.49998pt too high) has occurred while \output is active []


[70]
File: ../Ch4_figs/Fig4.15.eps Graphic file (type eps)
 <../Ch4_figs/Fig4.15.eps>

LaTeX Warning: Reference `fig:Fig4.7' on page 71 undefined on input line 141.


LaTeX Warning: Reference `fig:Fig4.15' on page 71 undefined on input line 141.


LaTeX Warning: Reference `fig:Fig4.7' on page 71 undefined on input line 141.


LaTeX Warning: Reference `fig:Fig4.15' on page 71 undefined on input line 141.


LaTeX Warning: Reference `fig:Fig4.15' on page 71 undefined on input line 141.


LaTeX Warning: Reference `fig:Fig4.15' on page 71 undefined on input line 141.


LaTeX Warning: Reference `fig:Fig4.7' on page 71 undefined on input line 142.


LaTeX Warning: Citation 'Goodrich_503' on page 71 undefined on input line 142.


LaTeX Warning: Citation 'Levine_1710' on page 71 undefined on input line 142.


LaTeX Warning: Citation 'Jacobson_2000' on page 71 undefined on input line 142.



LaTeX Warning: Citation 'Vermeulen_2007' on page 71 undefined on input line 142
.


Underfull \hbox (badness 10000) in paragraph at lines 141--143

 []

File: ../Ch4_figs/BentDNA_mdoels.eps Graphic file (type eps)
<../Ch4_figs/BentDNA_mdoels.eps>

LaTeX Warning: Reference `fig:Fig4.4' on page 71 undefined on input line 153.


LaTeX Warning: Citation 'Burke_3081' on page 71 undefined on input line 153.


LaTeX Warning: Citation 'Kutach_2124' on page 71 undefined on input line 153.


LaTeX Warning: Citation 'Lim_1522' on page 71 undefined on input line 153.


LaTeX Warning: Citation 'Parry_382' on page 71 undefined on input line 153.


LaTeX Warning: Citation 'Purnell_3259' on page 71 undefined on input line 153.


LaTeX Warning: Citation 'Theisen_341' on page 71 undefined on input line 153.


LaTeX Warning: Citation 'Chi_3023' on page 71 undefined on input line 153.


LaTeX Warning: Citation 'Juven-Gershon_1249' on page 71 undefined on input line
 153.


LaTeX Warning: Citation 'Kaufmann_3320' on page 71 undefined on input line 153.



LaTeX Warning: Citation 'Lieberman_2671' on page 71 undefined on input line 153
.


LaTeX Warning: Citation 'Oelgeschlager_2880' on page 71 undefined on input line
 153.


LaTeX Warning: Reference `fig:BentDNA' on page 71 undefined on input line 154.


LaTeX Warning: Citation 'Treutlein_2' on page 71 undefined on input line 154.


LaTeX Warning: Citation 'Treutlein_2' on page 71 undefined on input line 154.


LaTeX Warning: Citation 'Treutlein_2' on page 71 undefined on input line 154.


LaTeX Warning: Reference `fig:BentDNA' on page 71 undefined on input line 154.

)
Overfull \vbox (14.49998pt too high) has occurred while \output is active []


[71]
Overfull \vbox (14.49998pt too high) has occurred while \output is active []


[72]
Overfull \vbox (14.49998pt too high) has occurred while \output is active []


[73]
Overfull \vbox (14.49998pt too high) has occurred while \output is active []


[74]
\openout2 = `concl.aux'.

 (./concl.tex

LaTeX Warning: Citation 'Lander_614' on page 75 undefined on input line 3.

) [75



] (./activators.tex) (./taf6.tex [76


]

LaTeX Warning: Citation 'Liu_723' on page 77 undefined on input line 9.

File: ../Ch4_figs/Purification.eps Graphic file (type eps)
<../Ch4_figs/Purification.eps>

LaTeX Warning: Reference `fig:Purify' on page 77 undefined on input line 20.


LaTeX Warning: Reference `fig:Purify' on page 77 undefined on input line 20.

[77

] [78]

LaTeX Warning: Citation 'Burke_2739' on page 79 undefined on input line 24.


LaTeX Warning: Citation 'Lim_1522' on page 79 undefined on input line 24.


LaTeX Warning: Reference `fig:Fig2.6' on page 79 undefined on input line 24.


LaTeX Warning: Reference `fig:Fig2.5' on page 79 undefined on input line 24.


LaTeX Warning: Reference `fig:TAF6' on page 79 undefined on input line 24.


LaTeX Warning: Reference `fig:TAF6' on page 79 undefined on input line 24.


LaTeX Warning: Reference `fig:Fig2.6' on page 79 undefined on input line 24.


LaTeX Warning: Reference `fig:TAF6' on page 79 undefined on input line 25.


LaTeX Warning: Reference `fig:TAF6' on page 79 undefined on input line 26.

File: ../Ch4_figs/TAF6.eps Graphic file (type eps)
<../Ch4_figs/TAF6.eps>

LaTeX Warning: Reference `fig:Fig2.6' on page 79 undefined on input line 31.


LaTeX Warning: Reference `fig:Fig2.6' on page 79 undefined on input line 31.


LaTeX Warning: Float too large for page by 32.00826pt on input line 33.


LaTeX Warning: Citation 'Leurent_1554' on page 79 undefined on input line 38.


LaTeX Warning: Citation 'Leurent_1797' on page 79 undefined on input line 38.


LaTeX Warning: Citation 'Sanders_2002' on page 79 undefined on input line 38.


LaTeX Warning: Citation 'Leurent_1554' on page 79 undefined on input line 38.


LaTeX Warning: Citation 'Papai_191' on page 79 undefined on input line 38.


LaTeX Warning: Citation 'Pereira_2004' on page 79 undefined on input line 39.


LaTeX Warning: Citation 'Schultz_2000' on page 79 undefined on input line 39.


LaTeX Warning: Citation 'Pereira_2004' on page 79 undefined on input line 39.


LaTeX Warning: Citation 'Pereira_2004' on page 79 undefined on input line 39.


LaTeX Warning: Citation 'Schultz_2000' on page 79 undefined on input line 40.


LaTeX Warning: Citation 'Schultz_2000' on page 79 undefined on input line 40.


LaTeX Warning: Citation 'Schultz_2000' on page 79 undefined on input line 40.


LaTeX Warning: Citation 'Schultz_2000' on page 79 undefined on input line 40.


LaTeX Warning: Citation 'Pereira_2004' on page 79 undefined on input line 41.


LaTeX Warning: Citation 'Schultz_2000' on page 79 undefined on input line 41.


LaTeX Warning: Citation 'Leurent_1554' on page 79 undefined on input line 41.


LaTeX Warning: Citation 'Leurent_1797' on page 79 undefined on input line 41.


Underfull \hbox (badness 10000) in paragraph at lines 37--43

 []

[79] [80] [81]

LaTeX Warning: Reference `fig:TAF6' on page 82 undefined on input line 49.


LaTeX Warning: Citation 'Shao_1340' on page 82 undefined on input line 49.


LaTeX Warning: Citation 'Shao_1340' on page 82 undefined on input line 49.


LaTeX Warning: Citation 'Wright_1170' on page 82 undefined on input line 49.

) (./methods.tex [82] [83]

LaTeX Warning: Citation 'Grob_1281' on page 84 undefined on input line 9.


LaTeX Warning: Citation 'Liu_574' on page 84 undefined on input line 9.


LaTeX Warning: Citation 'Andel_2407' on page 84 undefined on input line 9.


LaTeX Warning: Citation 'Naar_2527' on page 84 undefined on input line 9.


LaTeX Warning: Citation 'Sun_3221' on page 84 undefined on input line 9.


LaTeX Warning: Citation 'Liu_723' on page 84 undefined on input line 10.


LaTeX Warning: Citation 'Naar_2527' on page 84 undefined on input line 10.


LaTeX Warning: Citation 'Sun_3221' on page 84 undefined on input line 10.

Missing character: There is no ‚ in font cmr12!
Missing character: There is no Ä in font cmr12!
Missing character: There is no ì in font cmr12!

Underfull \hbox (badness 10000) in paragraph at lines 9--12

 []

[84

]

LaTeX Warning: Citation 'Juven-Gershon_1249' on page 85 undefined on input line
 15.


LaTeX Warning: Citation 'Juven-Gershon_1249' on page 85 undefined on input line
 15.


Overfull \hbox (32.55602pt too wide) in paragraph at lines 15--17
\OT1/cmr/m/n/12 quence of SCP1 [[]]: GTACT-TATATAAGGGGGTGGGGGCGCGTTCGTC-
 []


Overfull \hbox (3.60275pt too wide) in paragraph at lines 15--17
\OT1/cmr/m/n/12 CTCAGTCGC-GATC-GAA-CACTC-GAGC-C-GAGCAGACGTGCCTACGGACCG. For SCP
(-
 []


Overfull \hbox (11.85399pt too wide) in paragraph at lines 15--17
\OT1/cmr/m/n/12 66), the fol-low-ing se-quence was added im-me-di-ately up-stre
am of the SCP se-quence: CTCGCGC-
 []


Underfull \hbox (badness 10000) in paragraph at lines 15--17

 []

[85]

LaTeX Warning: Citation 'Suloway_1311' on page 86 undefined on input line 21.


LaTeX Warning: Citation 'Ludtke_2307' on page 86 undefined on input line 25.


LaTeX Warning: Citation 'Mindell_1684' on page 86 undefined on input line 25.


LaTeX Warning: Citation 'Frank_2988' on page 86 undefined on input line 25.


LaTeX Warning: Citation 'Lander_614' on page 86 undefined on input line 25.


LaTeX Warning: Citation 'Chen_1041' on page 86 undefined on input line 25.


LaTeX Warning: Citation 'Mindell_1684' on page 86 undefined on input line 25.


LaTeX Warning: Citation 'Frank_2988' on page 86 undefined on input line 25.


LaTeX Warning: Citation 'Sorzano_1492' on page 86 undefined on input line 25.


LaTeX Warning: Citation 'Ogura_1656' on page 86 undefined on input line 26.


LaTeX Warning: Citation 'va_2849' on page 86 undefined on input line 26.


LaTeX Warning: Citation 'Hohn_913' on page 86 undefined on input line 27.


LaTeX Warning: Citation 'Tang_849' on page 86 undefined on input line 27.


LaTeX Warning: Citation 'Grigorieff_982' on page 86 undefined on input line 27.



Overfull \hbox (5.9678pt too wide) in paragraph at lines 25--28
\OT1/cmr/m/n/12 estimated us-ing CTFFIND3 [[]], and phase-flipped us-ing SPI-DE
R [[]].
 []


Underfull \hbox (badness 10000) in paragraph at lines 25--28

 []

[86]

LaTeX Warning: Citation 'Leschziner_1228' on page 87 undefined on input line 30
.


LaTeX Warning: Citation 'Bradley_4010' on page 87 undefined on input line 31.


LaTeX Warning: Citation 'Sorzano_1492' on page 87 undefined on input line 31.

Missing character: There is no ‚ in font cmr12!
Missing character: There is no Ä in font cmr12!
Missing character: There is no ò in font cmr12!
Missing character: There is no ‚ in font cmr12!
Missing character: There is no Ä in font cmr12!
Missing character: There is no ô in font cmr12!

LaTeX Warning: Citation 'Ludtke_2307' on page 87 undefined on input line 31.


LaTeX Warning: Citation 'Mindell_1684' on page 87 undefined on input line 31.


LaTeX Warning: Citation 'va_2849' on page 87 undefined on input line 31.


LaTeX Warning: Citation 'Leschziner_452' on page 87 undefined on input line 31.



LaTeX Warning: Citation 'Frank_2988' on page 87 undefined on input line 31.


LaTeX Warning: Citation 'Chandramouli_280' on page 87 undefined on input line 3
2.


LaTeX Warning: Citation 'Saxton_3960' on page 87 undefined on input line 32.


Underfull \hbox (badness 10000) in paragraph at lines 30--33

 []


LaTeX Warning: Reference `fig:Fig2.5' on page 87 undefined on input line 35.

Missing character: There is no ‚ in font cmr12!
Missing character: There is no Ä in font cmr12!
Missing character: There is no ì in font cmr12!

LaTeX Warning: Citation 'Ogura_1656' on page 87 undefined on input line 35.


LaTeX Warning: Citation 'va_2849' on page 87 undefined on input line 35.

Missing character: There is no ‚ in font cmr12!
Missing character: There is no Ä in font cmr12!
Missing character: There is no ò in font cmr12!
Missing character: There is no ‚ in font cmr12!
Missing character: There is no Ä in font cmr12!
Missing character: There is no ô in font cmr12!

LaTeX Warning: Citation 'va_2849' on page 87 undefined on input line 35.


LaTeX Warning: Citation 'Ludtke_2307' on page 87 undefined on input line 36.


Underfull \hbox (badness 10000) in paragraph at lines 35--37

 []

[87]

LaTeX Warning: Citation 'Suloway_1311' on page 88 undefined on input line 40.

Missing character: There is no ‚ in font cmr12!
Missing character: There is no Ä in font cmr12!
Missing character: There is no ò in font cmr12!
Missing character: There is no ‚ in font cmr12!
Missing character: There is no Ä in font cmr12!
Missing character: There is no ô in font cmr12!
Missing character: There is no ‚ in font cmr12!
Missing character: There is no Ä in font cmr12!
Missing character: There is no ò in font cmr12!
Missing character: There is no ‚ in font cmr12!
Missing character: There is no Ä in font cmr12!
Missing character: There is no ô in font cmr12!

LaTeX Warning: Citation 'Ludtke_2307' on page 88 undefined on input line 40.


LaTeX Warning: Citation 'Sorzano_1492' on page 88 undefined on input line 40.


LaTeX Warning: Citation 'va_2849' on page 88 undefined on input line 40.


Overfull \hbox (8.65405pt too wide) in paragraph at lines 40--41
\OT1/cmr/m/n/12 par-ti-cles), TFIID-IIA-SCP(Nanogold @ TATA) (851 par-ti-cles),
 and TFIID-IIA-SCP(Nanogold
 []

[88]

LaTeX Warning: Citation 'Juven-Gershon_1249' on page 89 undefined on input line
 44.


LaTeX Warning: Citation 'Iverson_3815' on page 89 undefined on input line 44.


LaTeX Warning: Citation 'Sambrook_3729' on page 89 undefined on input line 44.

[89])

LaTeX Warning: Empty bibliography on input line 110.


Class memoir Warning: The material used in the headers is too large
(28.99998pt) for the given head height (14.5pt), it is recommended to
either increase the head height or redesign the header
(in both cases you will find help in the memoir manual). on input line 112.

[90]
\tf@toc=\write5
\openout5 = `thesis.toc'.

\tf@lof=\write6
\openout6 = `thesis.lof'.

 (./thesis.aux (./abstract.aux) (./acronyms.aux) (./chap1.aux) (./chap2.aux) (.
/chap3.aux) (./chap4.aux) (./concl.aux))

LaTeX Warning: There were undefined references.


LaTeX Warning: Label(s) may have changed. Rerun to get cross-references right.


Package biblatex Warning: Please (re)run BibTeX on the file(s):
(biblatex)                thesis
(biblatex)                and rerun LaTeX afterwards.

Package logreq Info: Writing requests to 'thesis.run.xml'.
\openout1 = `thesis.run.xml'.

 ) 
Here is how much of TeX's memory you used:
 10673 strings out of 493489
 161103 string characters out of 3141349
 363332 words of memory out of 3000000
 13804 multiletter control sequences out of 15000+200000
 12002 words of font info for 42 fonts, out of 3000000 for 9000
 958 hyphenation exceptions out of 8191
 37i,10n,34p,2302b,1016s stack positions out of 5000i,500n,10000p,200000b,50000s

Output written on thesis.dvi (99 pages, 235112 bytes).
